2025-09-27 21:17:43.533 [ERROR]: 쿼리 실행 오류: {
  "error": "users 테이블에 대한 접근 권한 없음",
  "query": "SELECT * FROM users WHERE email = $1 ORDER BY id DESC LIMIT $2",
  "params": [
    "test@example.com",
    1
  ]
}
2025-09-27 21:17:43.533 [ERROR]: users.findWhere 오류: {
  "conditions": {
    "email": "test@example.com"
  },
  "error": "users 테이블에 대한 접근 권한 없음"
}
2025-09-27 21:17:43.533 [ERROR]: User.findByEmail 오류: {
  "email": "test@example.com",
  "error": "users 테이블에 대한 접근 권한 없음"
}
2025-09-27 21:17:43.533 [ERROR]: User.createUser 오류: {
  "email": "test@example.com",
  "error": "users 테이블에 대한 접근 권한 없음"
}
2025-09-27 21:17:43.533 [ERROR]: AuthService.register 오류: {
  "email": "test@example.com",
  "error": "users 테이블에 대한 접근 권한 없음"
}
2025-09-27 21:17:43.533 [ERROR]: 회원가입 오류: {
  "error": "users 테이블에 대한 접근 권한 없음",
  "email": "test@example.com"
}
2025-09-27 21:21:56.199 [ERROR]: AuthService.login 오류: {
  "email": "invalid@email.com",
  "error": "이메일 또는 비밀번호가 올바르지 않습니다"
}
2025-09-27 21:21:56.199 [ERROR]: 로그인 오류: {
  "error": "이메일 또는 비밀번호가 올바르지 않습니다",
  "email": "invalid@email.com"
}
2025-09-27 21:21:56.265 [ERROR]: AuthService.login 오류: {
  "email": "invalid@email.com",
  "error": "이메일 또는 비밀번호가 올바르지 않습니다"
}
2025-09-27 21:21:56.265 [ERROR]: 로그인 오류: {
  "error": "이메일 또는 비밀번호가 올바르지 않습니다",
  "email": "invalid@email.com"
}
2025-09-27 21:21:56.331 [ERROR]: AuthService.login 오류: {
  "email": "invalid@email.com",
  "error": "이메일 또는 비밀번호가 올바르지 않습니다"
}
2025-09-27 21:21:56.331 [ERROR]: 로그인 오류: {
  "error": "이메일 또는 비밀번호가 올바르지 않습니다",
  "email": "invalid@email.com"
}
2025-09-27 21:21:56.416 [ERROR]: AuthService.login 오류: {
  "email": "invalid@email.com",
  "error": "이메일 또는 비밀번호가 올바르지 않습니다"
}
2025-09-27 21:21:56.416 [ERROR]: 로그인 오류: {
  "error": "이메일 또는 비밀번호가 올바르지 않습니다",
  "email": "invalid@email.com"
}
2025-09-27 21:21:56.480 [ERROR]: AuthService.login 오류: {
  "email": "invalid@email.com",
  "error": "이메일 또는 비밀번호가 올바르지 않습니다"
}
2025-09-27 21:21:56.480 [ERROR]: 로그인 오류: {
  "error": "이메일 또는 비밀번호가 올바르지 않습니다",
  "email": "invalid@email.com"
}
2025-09-27 22:20:14.930 [ERROR]: 처리되지 않은 예외: listen EADDRINUSE: address already in use ::1:3000 {
  "code": "EADDRINUSE",
  "errno": -4091,
  "syscall": "listen",
  "address": "::1",
  "port": 3000
}
Error: listen EADDRINUSE: address already in use ::1:3000
    at Server.setupListenHandle [as _listen2] (node:net:1940:16)
    at listenInCluster (node:net:1997:12)
    at GetAddrInfoReqWrap.callback (node:net:2206:7)
    at GetAddrInfoReqWrap.onlookupall [as oncomplete] (node:dns:134:8)
2025-09-28 16:56:39.367 [ERROR]: AuthService.login 오류: {
  "email": "stepanowon@hotmail.com",
  "error": "이메일 또는 비밀번호가 올바르지 않습니다"
}
2025-09-28 16:56:39.368 [ERROR]: 로그인 오류: {
  "error": "이메일 또는 비밀번호가 올바르지 않습니다",
  "email": "stepanowon@hotmail.com"
}
2025-09-29 12:51:12.015 [ERROR]: 처리되지 않은 예외: listen EADDRINUSE: address already in use ::1:3000 {
  "code": "EADDRINUSE",
  "errno": -4091,
  "syscall": "listen",
  "address": "::1",
  "port": 3000
}
Error: listen EADDRINUSE: address already in use ::1:3000
    at Server.setupListenHandle [as _listen2] (node:net:1940:16)
    at listenInCluster (node:net:1997:12)
    at GetAddrInfoReqWrap.callback (node:net:2206:7)
    at GetAddrInfoReqWrap.onlookupall [as oncomplete] (node:dns:134:8)
2025-09-29 12:51:21.595 [ERROR]: 쿼리 실행 오류: {
  "error": "\"message_reads\" 이름의 릴레이션(relation)이 없습니다",
  "query": "\n        SELECT\n          m.*,\n          u.name as sender_name,\n          u.email as sender_email,\n ...",
  "params": [
    52,
    "102",
    50,
    0
  ]
}
2025-09-29 12:51:21.595 [ERROR]: Message.getTeamMessages 오류: {
  "teamId": 52,
  "userId": "102",
  "filters": {
    "targetDate": null,
    "page": 1,
    "limit": 50
  },
  "error": "\"message_reads\" 이름의 릴레이션(relation)이 없습니다"
}
2025-09-29 12:51:21.595 [ERROR]: 메시지 목록 조회 오류: {
  "error": "\"message_reads\" 이름의 릴레이션(relation)이 없습니다",
  "teamId": 52,
  "userId": "102",
  "query": {
    "date": "2025-09-29"
  }
}
2025-09-29 12:51:21.604 [ERROR]: 쿼리 실행 오류: {
  "error": "\"message_reads\" 이름의 릴레이션(relation)이 없습니다",
  "query": "\n        SELECT\n          m.*,\n          u.name as sender_name,\n          u.email as sender_email,\n ...",
  "params": [
    52,
    "102",
    50,
    0
  ]
}
2025-09-29 12:51:21.605 [ERROR]: Message.getTeamMessages 오류: {
  "teamId": 52,
  "userId": "102",
  "filters": {
    "targetDate": null,
    "page": 1,
    "limit": 50
  },
  "error": "\"message_reads\" 이름의 릴레이션(relation)이 없습니다"
}
2025-09-29 12:51:21.605 [ERROR]: 메시지 목록 조회 오류: {
  "error": "\"message_reads\" 이름의 릴레이션(relation)이 없습니다",
  "teamId": 52,
  "userId": "102",
  "query": {
    "date": "2025-09-29"
  }
}
2025-09-29 12:51:29.176 [ERROR]: 쿼리 실행 오류: {
  "error": "\"message_reads\" 이름의 릴레이션(relation)이 없습니다",
  "query": "\n        SELECT\n          m.*,\n          u.name as sender_name,\n          u.email as sender_email,\n ...",
  "params": [
    52,
    "102",
    50,
    0
  ]
}
2025-09-29 12:51:29.176 [ERROR]: Message.getTeamMessages 오류: {
  "teamId": 52,
  "userId": "102",
  "filters": {
    "targetDate": null,
    "page": 1,
    "limit": 50
  },
  "error": "\"message_reads\" 이름의 릴레이션(relation)이 없습니다"
}
2025-09-29 12:51:29.176 [ERROR]: 메시지 목록 조회 오류: {
  "error": "\"message_reads\" 이름의 릴레이션(relation)이 없습니다",
  "teamId": 52,
  "userId": "102",
  "query": {
    "date": "2025-09-29"
  }
}
2025-09-29 12:51:29.246 [ERROR]: 쿼리 실행 오류: {
  "error": "\"message_reads\" 이름의 릴레이션(relation)이 없습니다",
  "query": "\n        SELECT\n          m.*,\n          u.name as sender_name,\n          u.email as sender_email,\n ...",
  "params": [
    52,
    "102",
    50,
    0
  ]
}
2025-09-29 12:51:29.246 [ERROR]: Message.getTeamMessages 오류: {
  "teamId": 52,
  "userId": "102",
  "filters": {
    "targetDate": null,
    "page": 1,
    "limit": 50
  },
  "error": "\"message_reads\" 이름의 릴레이션(relation)이 없습니다"
}
2025-09-29 12:51:29.246 [ERROR]: 메시지 목록 조회 오류: {
  "error": "\"message_reads\" 이름의 릴레이션(relation)이 없습니다",
  "teamId": 52,
  "userId": "102",
  "query": {
    "date": "2025-09-29"
  }
}
2025-09-29 12:51:36.704 [ERROR]: 쿼리 실행 오류: {
  "error": "\"message_reads\" 이름의 릴레이션(relation)이 없습니다",
  "query": "\n        SELECT\n          m.*,\n          u.name as sender_name,\n          u.email as sender_email,\n ...",
  "params": [
    52,
    "102",
    50,
    0
  ]
}
2025-09-29 12:51:36.704 [ERROR]: Message.getTeamMessages 오류: {
  "teamId": 52,
  "userId": "102",
  "filters": {
    "targetDate": null,
    "page": 1,
    "limit": 50
  },
  "error": "\"message_reads\" 이름의 릴레이션(relation)이 없습니다"
}
2025-09-29 12:51:36.705 [ERROR]: 메시지 목록 조회 오류: {
  "error": "\"message_reads\" 이름의 릴레이션(relation)이 없습니다",
  "teamId": 52,
  "userId": "102",
  "query": {
    "date": "2025-09-29"
  }
}
2025-09-29 12:51:36.774 [ERROR]: 쿼리 실행 오류: {
  "error": "\"message_reads\" 이름의 릴레이션(relation)이 없습니다",
  "query": "\n        SELECT\n          m.*,\n          u.name as sender_name,\n          u.email as sender_email,\n ...",
  "params": [
    52,
    "102",
    50,
    0
  ]
}
2025-09-29 12:51:36.775 [ERROR]: Message.getTeamMessages 오류: {
  "teamId": 52,
  "userId": "102",
  "filters": {
    "targetDate": null,
    "page": 1,
    "limit": 50
  },
  "error": "\"message_reads\" 이름의 릴레이션(relation)이 없습니다"
}
2025-09-29 12:51:36.775 [ERROR]: 메시지 목록 조회 오류: {
  "error": "\"message_reads\" 이름의 릴레이션(relation)이 없습니다",
  "teamId": 52,
  "userId": "102",
  "query": {
    "date": "2025-09-29"
  }
}
2025-09-29 12:52:02.238 [ERROR]: 쿼리 실행 오류: {
  "error": "\"message_reads\" 이름의 릴레이션(relation)이 없습니다",
  "query": "\n        SELECT\n          m.*,\n          u.name as sender_name,\n          u.email as sender_email,\n ...",
  "params": [
    52,
    "102",
    50,
    0
  ]
}
2025-09-29 12:52:02.238 [ERROR]: Message.getTeamMessages 오류: {
  "teamId": 52,
  "userId": "102",
  "filters": {
    "targetDate": null,
    "page": 1,
    "limit": 50
  },
  "error": "\"message_reads\" 이름의 릴레이션(relation)이 없습니다"
}
2025-09-29 12:52:02.239 [ERROR]: 메시지 목록 조회 오류: {
  "error": "\"message_reads\" 이름의 릴레이션(relation)이 없습니다",
  "teamId": 52,
  "userId": "102",
  "query": {
    "date": "2025-09-16"
  }
}
2025-09-29 12:52:02.406 [ERROR]: 쿼리 실행 오류: {
  "error": "\"message_reads\" 이름의 릴레이션(relation)이 없습니다",
  "query": "\n        SELECT\n          m.*,\n          u.name as sender_name,\n          u.email as sender_email,\n ...",
  "params": [
    52,
    "102",
    50,
    0
  ]
}
2025-09-29 12:52:02.406 [ERROR]: Message.getTeamMessages 오류: {
  "teamId": 52,
  "userId": "102",
  "filters": {
    "targetDate": null,
    "page": 1,
    "limit": 50
  },
  "error": "\"message_reads\" 이름의 릴레이션(relation)이 없습니다"
}
2025-09-29 12:52:02.406 [ERROR]: 메시지 목록 조회 오류: {
  "error": "\"message_reads\" 이름의 릴레이션(relation)이 없습니다",
  "teamId": 52,
  "userId": "102",
  "query": {
    "date": "2025-09-16"
  }
}
2025-09-29 12:52:03.832 [ERROR]: 쿼리 실행 오류: {
  "error": "\"message_reads\" 이름의 릴레이션(relation)이 없습니다",
  "query": "\n        SELECT\n          m.*,\n          u.name as sender_name,\n          u.email as sender_email,\n ...",
  "params": [
    52,
    "102",
    50,
    0
  ]
}
2025-09-29 12:52:03.832 [ERROR]: Message.getTeamMessages 오류: {
  "teamId": 52,
  "userId": "102",
  "filters": {
    "targetDate": null,
    "page": 1,
    "limit": 50
  },
  "error": "\"message_reads\" 이름의 릴레이션(relation)이 없습니다"
}
2025-09-29 12:52:03.833 [ERROR]: 메시지 목록 조회 오류: {
  "error": "\"message_reads\" 이름의 릴레이션(relation)이 없습니다",
  "teamId": 52,
  "userId": "102",
  "query": {
    "date": "2025-09-15"
  }
}
2025-09-29 12:52:04.006 [ERROR]: 쿼리 실행 오류: {
  "error": "\"message_reads\" 이름의 릴레이션(relation)이 없습니다",
  "query": "\n        SELECT\n          m.*,\n          u.name as sender_name,\n          u.email as sender_email,\n ...",
  "params": [
    52,
    "102",
    50,
    0
  ]
}
2025-09-29 12:52:04.007 [ERROR]: Message.getTeamMessages 오류: {
  "teamId": 52,
  "userId": "102",
  "filters": {
    "targetDate": null,
    "page": 1,
    "limit": 50
  },
  "error": "\"message_reads\" 이름의 릴레이션(relation)이 없습니다"
}
2025-09-29 12:52:04.007 [ERROR]: 메시지 목록 조회 오류: {
  "error": "\"message_reads\" 이름의 릴레이션(relation)이 없습니다",
  "teamId": 52,
  "userId": "102",
  "query": {
    "date": "2025-09-15"
  }
}
2025-09-29 12:52:23.071 [ERROR]: 쿼리 실행 오류: {
  "error": "\"message_reads\" 이름의 릴레이션(relation)이 없습니다",
  "query": "\n        SELECT\n          m.*,\n          u.name as sender_name,\n          u.email as sender_email,\n ...",
  "params": [
    52,
    "102",
    50,
    0
  ]
}
2025-09-29 12:52:23.071 [ERROR]: Message.getTeamMessages 오류: {
  "teamId": 52,
  "userId": "102",
  "filters": {
    "targetDate": null,
    "page": 1,
    "limit": 50
  },
  "error": "\"message_reads\" 이름의 릴레이션(relation)이 없습니다"
}
2025-09-29 12:52:23.071 [ERROR]: 메시지 목록 조회 오류: {
  "error": "\"message_reads\" 이름의 릴레이션(relation)이 없습니다",
  "teamId": 52,
  "userId": "102",
  "query": {
    "date": "2025-09-29"
  }
}
2025-09-29 12:52:23.138 [ERROR]: 쿼리 실행 오류: {
  "error": "\"message_reads\" 이름의 릴레이션(relation)이 없습니다",
  "query": "\n        SELECT\n          m.*,\n          u.name as sender_name,\n          u.email as sender_email,\n ...",
  "params": [
    52,
    "102",
    50,
    0
  ]
}
2025-09-29 12:52:23.139 [ERROR]: Message.getTeamMessages 오류: {
  "teamId": 52,
  "userId": "102",
  "filters": {
    "targetDate": null,
    "page": 1,
    "limit": 50
  },
  "error": "\"message_reads\" 이름의 릴레이션(relation)이 없습니다"
}
2025-09-29 12:52:23.139 [ERROR]: 메시지 목록 조회 오류: {
  "error": "\"message_reads\" 이름의 릴레이션(relation)이 없습니다",
  "teamId": 52,
  "userId": "102",
  "query": {
    "date": "2025-09-29"
  }
}
2025-09-29 12:52:23.151 [ERROR]: 쿼리 실행 오류: {
  "error": "\"message_reads\" 이름의 릴레이션(relation)이 없습니다",
  "query": "\n        SELECT\n          m.*,\n          u.name as sender_name,\n          u.email as sender_email,\n ...",
  "params": [
    52,
    "102",
    50,
    0
  ]
}
2025-09-29 12:52:23.151 [ERROR]: Message.getTeamMessages 오류: {
  "teamId": 52,
  "userId": "102",
  "filters": {
    "targetDate": null,
    "page": 1,
    "limit": 50
  },
  "error": "\"message_reads\" 이름의 릴레이션(relation)이 없습니다"
}
2025-09-29 12:52:23.151 [ERROR]: 메시지 목록 조회 오류: {
  "error": "\"message_reads\" 이름의 릴레이션(relation)이 없습니다",
  "teamId": 52,
  "userId": "102",
  "query": {
    "date": "2025-09-29"
  }
}
2025-09-29 12:52:23.158 [ERROR]: 쿼리 실행 오류: {
  "error": "\"message_reads\" 이름의 릴레이션(relation)이 없습니다",
  "query": "\n        SELECT\n          m.*,\n          u.name as sender_name,\n          u.email as sender_email,\n ...",
  "params": [
    52,
    "102",
    50,
    0
  ]
}
2025-09-29 12:52:23.159 [ERROR]: Message.getTeamMessages 오류: {
  "teamId": 52,
  "userId": "102",
  "filters": {
    "targetDate": null,
    "page": 1,
    "limit": 50
  },
  "error": "\"message_reads\" 이름의 릴레이션(relation)이 없습니다"
}
2025-09-29 12:52:23.159 [ERROR]: 메시지 목록 조회 오류: {
  "error": "\"message_reads\" 이름의 릴레이션(relation)이 없습니다",
  "teamId": 52,
  "userId": "102",
  "query": {
    "date": "2025-09-29"
  }
}
2025-09-29 12:52:51.437 [ERROR]: 처리되지 않은 예외: listen EADDRINUSE: address already in use ::1:3000 {
  "code": "EADDRINUSE",
  "errno": -4091,
  "syscall": "listen",
  "address": "::1",
  "port": 3000
}
Error: listen EADDRINUSE: address already in use ::1:3000
    at Server.setupListenHandle [as _listen2] (node:net:1940:16)
    at listenInCluster (node:net:1997:12)
    at GetAddrInfoReqWrap.callback (node:net:2206:7)
    at GetAddrInfoReqWrap.onlookupall [as oncomplete] (node:dns:134:8)
2025-09-29 12:54:29.303 [ERROR]: 처리되지 않은 예외: listen EADDRINUSE: address already in use ::1:3000 {
  "code": "EADDRINUSE",
  "errno": -4091,
  "syscall": "listen",
  "address": "::1",
  "port": 3000
}
Error: listen EADDRINUSE: address already in use ::1:3000
    at Server.setupListenHandle [as _listen2] (node:net:1940:16)
    at listenInCluster (node:net:1997:12)
    at GetAddrInfoReqWrap.callback (node:net:2206:7)
    at GetAddrInfoReqWrap.onlookupall [as oncomplete] (node:dns:134:8)
2025-09-29 12:54:37.892 [ERROR]: 처리되지 않은 예외: listen EADDRINUSE: address already in use ::1:3000 {
  "code": "EADDRINUSE",
  "errno": -4091,
  "syscall": "listen",
  "address": "::1",
  "port": 3000
}
Error: listen EADDRINUSE: address already in use ::1:3000
    at Server.setupListenHandle [as _listen2] (node:net:1940:16)
    at listenInCluster (node:net:1997:12)
    at GetAddrInfoReqWrap.callback (node:net:2206:7)
    at GetAddrInfoReqWrap.onlookupall [as oncomplete] (node:dns:134:8)
2025-09-29 12:55:21.543 [ERROR]: 처리되지 않은 예외: listen EADDRINUSE: address already in use ::1:3000 {
  "code": "EADDRINUSE",
  "errno": -4091,
  "syscall": "listen",
  "address": "::1",
  "port": 3000
}
Error: listen EADDRINUSE: address already in use ::1:3000
    at Server.setupListenHandle [as _listen2] (node:net:1940:16)
    at listenInCluster (node:net:1997:12)
    at GetAddrInfoReqWrap.callback (node:net:2206:7)
    at GetAddrInfoReqWrap.onlookupall [as oncomplete] (node:dns:134:8)
2025-09-29 12:55:44.936 [ERROR]: 처리되지 않은 예외: listen EADDRINUSE: address already in use ::1:3000 {
  "code": "EADDRINUSE",
  "errno": -4091,
  "syscall": "listen",
  "address": "::1",
  "port": 3000
}
Error: listen EADDRINUSE: address already in use ::1:3000
    at Server.setupListenHandle [as _listen2] (node:net:1940:16)
    at listenInCluster (node:net:1997:12)
    at GetAddrInfoReqWrap.callback (node:net:2206:7)
    at GetAddrInfoReqWrap.onlookupall [as oncomplete] (node:dns:134:8)
2025-09-29 13:07:53.614 [ERROR]: 처리되지 않은 예외: listen EADDRINUSE: address already in use ::1:3000 {
  "code": "EADDRINUSE",
  "errno": -4091,
  "syscall": "listen",
  "address": "::1",
  "port": 3000
}
Error: listen EADDRINUSE: address already in use ::1:3000
    at Server.setupListenHandle [as _listen2] (node:net:1940:16)
    at listenInCluster (node:net:1997:12)
    at GetAddrInfoReqWrap.callback (node:net:2206:7)
    at GetAddrInfoReqWrap.onlookupall [as oncomplete] (node:dns:134:8)
2025-09-29 13:20:59.018 [ERROR]: Message.sendMessage 오류: {
  "messageData": {
    "teamId": 52,
    "senderId": "102",
    "content": "aaaaaaa",
    "targetDate": "2025-09-29T00:00:00.000Z",
    "messageType": "normal"
  },
  "error": "올바른 발신자 ID가 필요합니다"
}
2025-09-29 13:20:59.018 [ERROR]: 메시지 전송 오류: {
  "error": "올바른 발신자 ID가 필요합니다",
  "teamId": 52,
  "userId": "102",
  "messageData": {
    "content": "aaaaaaa",
    "targetDate": "2025-09-29T00:00:00.000Z"
  }
}
2025-09-29 16:54:55.356 [ERROR]: 처리되지 않은 예외: listen EADDRINUSE: address already in use ::1:3000 {
  "code": "EADDRINUSE",
  "errno": -4091,
  "syscall": "listen",
  "address": "::1",
  "port": 3000
}
Error: listen EADDRINUSE: address already in use ::1:3000
    at Server.setupListenHandle [as _listen2] (node:net:1940:16)
    at listenInCluster (node:net:1997:12)
    at GetAddrInfoReqWrap.callback (node:net:2206:7)
    at GetAddrInfoReqWrap.onlookupall [as oncomplete] (node:dns:134:8)
2025-09-29 16:58:33.154 [ERROR]: AuthService.getUserFromToken 오류: {
  "error": "유효하지 않은 토큰입니다"
}
2025-09-29 16:58:33.155 [ERROR]: 인증 미들웨어 오류: {
  "error": "유효하지 않은 토큰입니다",
  "ip": "::1",
  "userAgent": "curl/8.15.0"
}
2025-09-29 19:27:50.796 [ERROR]: AuthService.getUserFromToken 오류: {
  "error": "토큰이 만료되었습니다"
}
2025-09-29 19:27:50.796 [ERROR]: 인증 미들웨어 오류: {
  "error": "토큰이 만료되었습니다",
  "ip": "::1",
  "userAgent": "Mozilla/5.0 (Windows NT 10.0; Win64; x64) AppleWebKit/537.36 (KHTML, like Gecko) Chrome/140.0.0.0 Safari/537.36 Edg/140.0.0.0"
}
2025-09-29 19:27:50.799 [ERROR]: AuthService.getUserFromToken 오류: {
  "error": "토큰이 만료되었습니다"
}
2025-09-29 19:27:50.800 [ERROR]: 인증 미들웨어 오류: {
  "error": "토큰이 만료되었습니다",
  "ip": "::1",
  "userAgent": "Mozilla/5.0 (Windows NT 10.0; Win64; x64) AppleWebKit/537.36 (KHTML, like Gecko) Chrome/140.0.0.0 Safari/537.36 Edg/140.0.0.0"
}
2025-09-29 19:27:52.671 [ERROR]: AuthService.getUserFromToken 오류: {
  "error": "토큰이 만료되었습니다"
}
2025-09-29 19:27:52.672 [ERROR]: 인증 미들웨어 오류: {
  "error": "토큰이 만료되었습니다",
  "ip": "::1",
  "userAgent": "Mozilla/5.0 (Windows NT 10.0; Win64; x64) AppleWebKit/537.36 (KHTML, like Gecko) Chrome/140.0.0.0 Safari/537.36 Edg/140.0.0.0"
}
2025-09-29 19:27:52.673 [ERROR]: AuthService.getUserFromToken 오류: {
  "error": "토큰이 만료되었습니다"
}
2025-09-29 19:27:52.673 [ERROR]: 인증 미들웨어 오류: {
  "error": "토큰이 만료되었습니다",
  "ip": "::1",
  "userAgent": "Mozilla/5.0 (Windows NT 10.0; Win64; x64) AppleWebKit/537.36 (KHTML, like Gecko) Chrome/140.0.0.0 Safari/537.36 Edg/140.0.0.0"
}
2025-09-29 19:27:56.357 [ERROR]: AuthService.getUserFromToken 오류: {
  "error": "토큰이 만료되었습니다"
}
2025-09-29 19:27:56.357 [ERROR]: 인증 미들웨어 오류: {
  "error": "토큰이 만료되었습니다",
  "ip": "::1",
  "userAgent": "Mozilla/5.0 (Windows NT 10.0; Win64; x64) AppleWebKit/537.36 (KHTML, like Gecko) Chrome/140.0.0.0 Safari/537.36 Edg/140.0.0.0"
}
2025-09-29 19:27:56.360 [ERROR]: AuthService.getUserFromToken 오류: {
  "error": "토큰이 만료되었습니다"
}
2025-09-29 19:27:56.360 [ERROR]: 인증 미들웨어 오류: {
  "error": "토큰이 만료되었습니다",
  "ip": "::1",
  "userAgent": "Mozilla/5.0 (Windows NT 10.0; Win64; x64) AppleWebKit/537.36 (KHTML, like Gecko) Chrome/140.0.0.0 Safari/537.36 Edg/140.0.0.0"
}
2025-09-29 20:26:50.526 [ERROR]: 처리되지 않은 예외: listen EADDRINUSE: address already in use ::1:3000 {
  "code": "EADDRINUSE",
  "errno": -4091,
  "syscall": "listen",
  "address": "::1",
  "port": 3000
}
Error: listen EADDRINUSE: address already in use ::1:3000
    at Server.setupListenHandle [as _listen2] (node:net:1940:16)
    at listenInCluster (node:net:1997:12)
    at GetAddrInfoReqWrap.callback (node:net:2206:7)
    at GetAddrInfoReqWrap.onlookupall [as oncomplete] (node:dns:134:8)
2025-09-29 20:27:58.774 [ERROR]: 처리되지 않은 예외: listen EADDRINUSE: address already in use ::1:3000 {
  "code": "EADDRINUSE",
  "errno": -4091,
  "syscall": "listen",
  "address": "::1",
  "port": 3000
}
Error: listen EADDRINUSE: address already in use ::1:3000
    at Server.setupListenHandle [as _listen2] (node:net:1940:16)
    at listenInCluster (node:net:1997:12)
    at GetAddrInfoReqWrap.callback (node:net:2206:7)
    at GetAddrInfoReqWrap.onlookupall [as oncomplete] (node:dns:134:8)
2025-09-29 20:29:43.253 [ERROR]: 처리되지 않은 예외: listen EADDRINUSE: address already in use ::1:3000 {
  "code": "EADDRINUSE",
  "errno": -4091,
  "syscall": "listen",
  "address": "::1",
  "port": 3000
}
Error: listen EADDRINUSE: address already in use ::1:3000
    at Server.setupListenHandle [as _listen2] (node:net:1940:16)
    at listenInCluster (node:net:1997:12)
    at GetAddrInfoReqWrap.callback (node:net:2206:7)
    at GetAddrInfoReqWrap.onlookupall [as oncomplete] (node:dns:134:8)
2025-09-29 20:30:02.512 [ERROR]: 처리되지 않은 예외: listen EADDRINUSE: address already in use ::1:3000 {
  "code": "EADDRINUSE",
  "errno": -4091,
  "syscall": "listen",
  "address": "::1",
  "port": 3000
}
Error: listen EADDRINUSE: address already in use ::1:3000
    at Server.setupListenHandle [as _listen2] (node:net:1940:16)
    at listenInCluster (node:net:1997:12)
    at GetAddrInfoReqWrap.callback (node:net:2206:7)
    at GetAddrInfoReqWrap.onlookupall [as oncomplete] (node:dns:134:8)
2025-09-29 20:30:36.141 [ERROR]: 처리되지 않은 예외: EPIPE: broken pipe, write {
  "errno": -4047,
  "syscall": "write",
  "code": "EPIPE"
}
Error: EPIPE: broken pipe, write
    at Socket._write (node:internal/net:75:18)
    at writeOrBuffer (node:internal/streams/writable:570:12)
    at _write (node:internal/streams/writable:499:10)
    at Writable.write (node:internal/streams/writable:508:10)
    at Console.log (D:\dev\workspace_test\team-caltalk\backend\node_modules\winston\lib\winston\transports\console.js:87:23)
    at Console._write (D:\dev\workspace_test\team-caltalk\backend\node_modules\winston-transport\modern.js:103:17)
    at doWrite (D:\dev\workspace_test\team-caltalk\backend\node_modules\readable-stream\lib\_stream_writable.js:390:139)
    at writeOrBuffer (D:\dev\workspace_test\team-caltalk\backend\node_modules\readable-stream\lib\_stream_writable.js:381:5)
    at Writable.write (D:\dev\workspace_test\team-caltalk\backend\node_modules\readable-stream\lib\_stream_writable.js:302:11)
    at DerivedLogger.ondata (D:\dev\workspace_test\team-caltalk\backend\node_modules\readable-stream\lib\_stream_readable.js:629:20)
2025-09-29 20:33:59.798 [ERROR]: AuthService.login 오류: {
  "email": "alice@example.com",
  "error": "이메일 또는 비밀번호가 올바르지 않습니다"
}
2025-09-29 20:33:59.798 [ERROR]: 로그인 오류: {
  "error": "이메일 또는 비밀번호가 올바르지 않습니다",
  "email": "alice@example.com"
}
2025-09-29 20:51:36.175 [ERROR]: AuthService.getUserFromToken 오류: {
  "error": "유효하지 않은 토큰입니다"
}
2025-09-29 20:51:36.176 [ERROR]: 인증 미들웨어 오류: {
  "error": "유효하지 않은 토큰입니다",
  "ip": "::1",
  "userAgent": "curl/8.15.0"
}
2025-09-29 20:51:45.764 [ERROR]: AuthService.login 오류: {
  "email": "stepanowon@hotmail.com",
  "error": "이메일 또는 비밀번호가 올바르지 않습니다"
}
2025-09-29 20:51:45.764 [ERROR]: 로그인 오류: {
  "error": "이메일 또는 비밀번호가 올바르지 않습니다",
  "email": "stepanowon@hotmail.com"
}
2025-09-29 20:59:44.556 [ERROR]: AuthService.getUserFromToken 오류: {
  "error": "유효하지 않은 토큰입니다"
}
2025-09-29 20:59:54.354 [ERROR]: AuthService.getUserFromToken 오류: {
  "error": "유효하지 않은 토큰입니다"
}
2025-09-29 20:59:54.354 [ERROR]: 인증 미들웨어 오류: {
  "error": "유효하지 않은 토큰입니다",
  "ip": "::1",
  "userAgent": "curl/8.15.0"
}
2025-09-29 21:00:01.530 [ERROR]: AuthService.login 오류: {
  "email": "user101@example.com",
  "error": "이메일 또는 비밀번호가 올바르지 않습니다"
}
2025-09-29 21:00:01.530 [ERROR]: 로그인 오류: {
  "error": "이메일 또는 비밀번호가 올바르지 않습니다",
  "email": "user101@example.com"
}
2025-09-29 21:00:53.071 [ERROR]: AuthService.login 오류: {
  "email": "user1@example.com",
  "error": "이메일 또는 비밀번호가 올바르지 않습니다"
}
2025-09-29 21:00:53.071 [ERROR]: 로그인 오류: {
  "error": "이메일 또는 비밀번호가 올바르지 않습니다",
  "email": "user1@example.com"
}
2025-09-29 21:00:59.628 [ERROR]: AuthService.login 오류: {
  "email": "user1@example.com",
  "error": "이메일 또는 비밀번호가 올바르지 않습니다"
}
2025-09-29 21:00:59.628 [ERROR]: 로그인 오류: {
  "error": "이메일 또는 비밀번호가 올바르지 않습니다",
  "email": "user1@example.com"
}
2025-09-29 21:01:48.391 [ERROR]: AuthService.login 오류: {
  "email": "user1@example.com",
  "error": "이메일 또는 비밀번호가 올바르지 않습니다"
}
2025-09-29 21:01:48.391 [ERROR]: 로그인 오류: {
  "error": "이메일 또는 비밀번호가 올바르지 않습니다",
  "email": "user1@example.com"
}
2025-09-29 21:04:26.708 [ERROR]: 처리되지 않은 예외: EPIPE: broken pipe, write {
  "errno": -4047,
  "syscall": "write",
  "code": "EPIPE"
}
Error: EPIPE: broken pipe, write
    at Socket._write (node:internal/net:75:18)
    at writeOrBuffer (node:internal/streams/writable:570:12)
    at _write (node:internal/streams/writable:499:10)
    at Writable.write (node:internal/streams/writable:508:10)
    at Console.log (D:\dev\workspace_test\team-caltalk\backend\node_modules\winston\lib\winston\transports\console.js:87:23)
    at Console._write (D:\dev\workspace_test\team-caltalk\backend\node_modules\winston-transport\modern.js:103:17)
    at doWrite (D:\dev\workspace_test\team-caltalk\backend\node_modules\readable-stream\lib\_stream_writable.js:390:139)
    at writeOrBuffer (D:\dev\workspace_test\team-caltalk\backend\node_modules\readable-stream\lib\_stream_writable.js:381:5)
    at Writable.write (D:\dev\workspace_test\team-caltalk\backend\node_modules\readable-stream\lib\_stream_writable.js:302:11)
    at DerivedLogger.ondata (D:\dev\workspace_test\team-caltalk\backend\node_modules\readable-stream\lib\_stream_readable.js:629:20)
2025-09-30 13:26:25.538 [ERROR]: AuthService.getUserFromToken 오류: {
  "error": "토큰이 만료되었습니다"
}
2025-09-30 13:26:25.538 [ERROR]: 인증 미들웨어 오류: {
  "error": "토큰이 만료되었습니다",
  "ip": "::1",
  "userAgent": "Mozilla/5.0 (Windows NT 10.0; Win64; x64) AppleWebKit/537.36 (KHTML, like Gecko) Chrome/140.0.0.0 Safari/537.36"
}
2025-09-30 13:26:55.537 [ERROR]: AuthService.getUserFromToken 오류: {
  "error": "토큰이 만료되었습니다"
}
2025-09-30 13:26:55.537 [ERROR]: 인증 미들웨어 오류: {
  "error": "토큰이 만료되었습니다",
  "ip": "::1",
  "userAgent": "Mozilla/5.0 (Windows NT 10.0; Win64; x64) AppleWebKit/537.36 (KHTML, like Gecko) Chrome/140.0.0.0 Safari/537.36"
}
2025-09-30 13:27:25.534 [ERROR]: AuthService.getUserFromToken 오류: {
  "error": "토큰이 만료되었습니다"
}
2025-09-30 13:27:25.534 [ERROR]: 인증 미들웨어 오류: {
  "error": "토큰이 만료되었습니다",
  "ip": "::1",
  "userAgent": "Mozilla/5.0 (Windows NT 10.0; Win64; x64) AppleWebKit/537.36 (KHTML, like Gecko) Chrome/140.0.0.0 Safari/537.36"
}
2025-09-30 13:27:55.533 [ERROR]: AuthService.getUserFromToken 오류: {
  "error": "토큰이 만료되었습니다"
}
2025-09-30 13:27:55.534 [ERROR]: 인증 미들웨어 오류: {
  "error": "토큰이 만료되었습니다",
  "ip": "::1",
  "userAgent": "Mozilla/5.0 (Windows NT 10.0; Win64; x64) AppleWebKit/537.36 (KHTML, like Gecko) Chrome/140.0.0.0 Safari/537.36"
}
2025-09-30 13:28:25.530 [ERROR]: AuthService.getUserFromToken 오류: {
  "error": "토큰이 만료되었습니다"
}
2025-09-30 13:28:25.530 [ERROR]: 인증 미들웨어 오류: {
  "error": "토큰이 만료되었습니다",
  "ip": "::1",
  "userAgent": "Mozilla/5.0 (Windows NT 10.0; Win64; x64) AppleWebKit/537.36 (KHTML, like Gecko) Chrome/140.0.0.0 Safari/537.36"
}
2025-09-30 13:28:55.544 [ERROR]: AuthService.getUserFromToken 오류: {
  "error": "토큰이 만료되었습니다"
}
2025-09-30 13:28:55.544 [ERROR]: 인증 미들웨어 오류: {
  "error": "토큰이 만료되었습니다",
  "ip": "::1",
  "userAgent": "Mozilla/5.0 (Windows NT 10.0; Win64; x64) AppleWebKit/537.36 (KHTML, like Gecko) Chrome/140.0.0.0 Safari/537.36"
}
2025-09-30 13:29:25.530 [ERROR]: AuthService.getUserFromToken 오류: {
  "error": "토큰이 만료되었습니다"
}
2025-09-30 13:29:25.530 [ERROR]: 인증 미들웨어 오류: {
  "error": "토큰이 만료되었습니다",
  "ip": "::1",
  "userAgent": "Mozilla/5.0 (Windows NT 10.0; Win64; x64) AppleWebKit/537.36 (KHTML, like Gecko) Chrome/140.0.0.0 Safari/537.36"
}
2025-09-30 13:29:55.537 [ERROR]: AuthService.getUserFromToken 오류: {
  "error": "토큰이 만료되었습니다"
}
2025-09-30 13:29:55.537 [ERROR]: 인증 미들웨어 오류: {
  "error": "토큰이 만료되었습니다",
  "ip": "::1",
  "userAgent": "Mozilla/5.0 (Windows NT 10.0; Win64; x64) AppleWebKit/537.36 (KHTML, like Gecko) Chrome/140.0.0.0 Safari/537.36"
}
2025-09-30 13:30:25.548 [ERROR]: AuthService.getUserFromToken 오류: {
  "error": "토큰이 만료되었습니다"
}
2025-09-30 13:30:25.548 [ERROR]: 인증 미들웨어 오류: {
  "error": "토큰이 만료되었습니다",
  "ip": "::1",
  "userAgent": "Mozilla/5.0 (Windows NT 10.0; Win64; x64) AppleWebKit/537.36 (KHTML, like Gecko) Chrome/140.0.0.0 Safari/537.36"
}
2025-09-30 13:30:55.535 [ERROR]: AuthService.getUserFromToken 오류: {
  "error": "토큰이 만료되었습니다"
}
2025-09-30 13:30:55.535 [ERROR]: 인증 미들웨어 오류: {
  "error": "토큰이 만료되었습니다",
  "ip": "::1",
  "userAgent": "Mozilla/5.0 (Windows NT 10.0; Win64; x64) AppleWebKit/537.36 (KHTML, like Gecko) Chrome/140.0.0.0 Safari/537.36"
}
2025-09-30 13:31:25.533 [ERROR]: AuthService.getUserFromToken 오류: {
  "error": "토큰이 만료되었습니다"
}
2025-09-30 13:31:25.534 [ERROR]: 인증 미들웨어 오류: {
  "error": "토큰이 만료되었습니다",
  "ip": "::1",
  "userAgent": "Mozilla/5.0 (Windows NT 10.0; Win64; x64) AppleWebKit/537.36 (KHTML, like Gecko) Chrome/140.0.0.0 Safari/537.36"
}
2025-09-30 13:31:55.534 [ERROR]: AuthService.getUserFromToken 오류: {
  "error": "토큰이 만료되었습니다"
}
2025-09-30 13:31:55.534 [ERROR]: 인증 미들웨어 오류: {
  "error": "토큰이 만료되었습니다",
  "ip": "::1",
  "userAgent": "Mozilla/5.0 (Windows NT 10.0; Win64; x64) AppleWebKit/537.36 (KHTML, like Gecko) Chrome/140.0.0.0 Safari/537.36"
}
2025-09-30 13:32:25.533 [ERROR]: AuthService.getUserFromToken 오류: {
  "error": "토큰이 만료되었습니다"
}
2025-09-30 13:32:25.533 [ERROR]: 인증 미들웨어 오류: {
  "error": "토큰이 만료되었습니다",
  "ip": "::1",
  "userAgent": "Mozilla/5.0 (Windows NT 10.0; Win64; x64) AppleWebKit/537.36 (KHTML, like Gecko) Chrome/140.0.0.0 Safari/537.36"
}
2025-09-30 13:32:55.545 [ERROR]: AuthService.getUserFromToken 오류: {
  "error": "토큰이 만료되었습니다"
}
2025-09-30 13:32:55.545 [ERROR]: 인증 미들웨어 오류: {
  "error": "토큰이 만료되었습니다",
  "ip": "::1",
  "userAgent": "Mozilla/5.0 (Windows NT 10.0; Win64; x64) AppleWebKit/537.36 (KHTML, like Gecko) Chrome/140.0.0.0 Safari/537.36"
}
2025-09-30 13:33:25.531 [ERROR]: AuthService.getUserFromToken 오류: {
  "error": "토큰이 만료되었습니다"
}
2025-09-30 13:33:25.531 [ERROR]: 인증 미들웨어 오류: {
  "error": "토큰이 만료되었습니다",
  "ip": "::1",
  "userAgent": "Mozilla/5.0 (Windows NT 10.0; Win64; x64) AppleWebKit/537.36 (KHTML, like Gecko) Chrome/140.0.0.0 Safari/537.36"
}
2025-09-30 13:33:55.536 [ERROR]: AuthService.getUserFromToken 오류: {
  "error": "토큰이 만료되었습니다"
}
2025-09-30 13:33:55.536 [ERROR]: 인증 미들웨어 오류: {
  "error": "토큰이 만료되었습니다",
  "ip": "::1",
  "userAgent": "Mozilla/5.0 (Windows NT 10.0; Win64; x64) AppleWebKit/537.36 (KHTML, like Gecko) Chrome/140.0.0.0 Safari/537.36"
}
2025-09-30 13:34:25.537 [ERROR]: AuthService.getUserFromToken 오류: {
  "error": "토큰이 만료되었습니다"
}
2025-09-30 13:34:25.537 [ERROR]: 인증 미들웨어 오류: {
  "error": "토큰이 만료되었습니다",
  "ip": "::1",
  "userAgent": "Mozilla/5.0 (Windows NT 10.0; Win64; x64) AppleWebKit/537.36 (KHTML, like Gecko) Chrome/140.0.0.0 Safari/537.36"
}
2025-09-30 13:34:55.533 [ERROR]: AuthService.getUserFromToken 오류: {
  "error": "토큰이 만료되었습니다"
}
2025-09-30 13:34:55.533 [ERROR]: 인증 미들웨어 오류: {
  "error": "토큰이 만료되었습니다",
  "ip": "::1",
  "userAgent": "Mozilla/5.0 (Windows NT 10.0; Win64; x64) AppleWebKit/537.36 (KHTML, like Gecko) Chrome/140.0.0.0 Safari/537.36"
}
2025-09-30 13:35:25.533 [ERROR]: AuthService.getUserFromToken 오류: {
  "error": "토큰이 만료되었습니다"
}
2025-09-30 13:35:25.533 [ERROR]: 인증 미들웨어 오류: {
  "error": "토큰이 만료되었습니다",
  "ip": "::1",
  "userAgent": "Mozilla/5.0 (Windows NT 10.0; Win64; x64) AppleWebKit/537.36 (KHTML, like Gecko) Chrome/140.0.0.0 Safari/537.36"
}
2025-09-30 13:35:55.534 [ERROR]: AuthService.getUserFromToken 오류: {
  "error": "토큰이 만료되었습니다"
}
2025-09-30 13:35:55.534 [ERROR]: 인증 미들웨어 오류: {
  "error": "토큰이 만료되었습니다",
  "ip": "::1",
  "userAgent": "Mozilla/5.0 (Windows NT 10.0; Win64; x64) AppleWebKit/537.36 (KHTML, like Gecko) Chrome/140.0.0.0 Safari/537.36"
}
2025-09-30 13:36:25.532 [ERROR]: AuthService.getUserFromToken 오류: {
  "error": "토큰이 만료되었습니다"
}
2025-09-30 13:36:25.532 [ERROR]: 인증 미들웨어 오류: {
  "error": "토큰이 만료되었습니다",
  "ip": "::1",
  "userAgent": "Mozilla/5.0 (Windows NT 10.0; Win64; x64) AppleWebKit/537.36 (KHTML, like Gecko) Chrome/140.0.0.0 Safari/537.36"
}
2025-09-30 13:36:55.530 [ERROR]: AuthService.getUserFromToken 오류: {
  "error": "토큰이 만료되었습니다"
}
2025-09-30 13:36:55.530 [ERROR]: 인증 미들웨어 오류: {
  "error": "토큰이 만료되었습니다",
  "ip": "::1",
  "userAgent": "Mozilla/5.0 (Windows NT 10.0; Win64; x64) AppleWebKit/537.36 (KHTML, like Gecko) Chrome/140.0.0.0 Safari/537.36"
}
2025-09-30 13:37:25.537 [ERROR]: AuthService.getUserFromToken 오류: {
  "error": "토큰이 만료되었습니다"
}
2025-09-30 13:37:25.537 [ERROR]: 인증 미들웨어 오류: {
  "error": "토큰이 만료되었습니다",
  "ip": "::1",
  "userAgent": "Mozilla/5.0 (Windows NT 10.0; Win64; x64) AppleWebKit/537.36 (KHTML, like Gecko) Chrome/140.0.0.0 Safari/537.36"
}
2025-09-30 13:37:55.530 [ERROR]: AuthService.getUserFromToken 오류: {
  "error": "토큰이 만료되었습니다"
}
2025-09-30 13:37:55.530 [ERROR]: 인증 미들웨어 오류: {
  "error": "토큰이 만료되었습니다",
  "ip": "::1",
  "userAgent": "Mozilla/5.0 (Windows NT 10.0; Win64; x64) AppleWebKit/537.36 (KHTML, like Gecko) Chrome/140.0.0.0 Safari/537.36"
}
2025-09-30 13:38:25.531 [ERROR]: AuthService.getUserFromToken 오류: {
  "error": "토큰이 만료되었습니다"
}
2025-09-30 13:38:25.531 [ERROR]: 인증 미들웨어 오류: {
  "error": "토큰이 만료되었습니다",
  "ip": "::1",
  "userAgent": "Mozilla/5.0 (Windows NT 10.0; Win64; x64) AppleWebKit/537.36 (KHTML, like Gecko) Chrome/140.0.0.0 Safari/537.36"
}
2025-09-30 13:38:55.533 [ERROR]: AuthService.getUserFromToken 오류: {
  "error": "토큰이 만료되었습니다"
}
2025-09-30 13:38:55.534 [ERROR]: 인증 미들웨어 오류: {
  "error": "토큰이 만료되었습니다",
  "ip": "::1",
  "userAgent": "Mozilla/5.0 (Windows NT 10.0; Win64; x64) AppleWebKit/537.36 (KHTML, like Gecko) Chrome/140.0.0.0 Safari/537.36"
}
2025-09-30 13:39:25.534 [ERROR]: AuthService.getUserFromToken 오류: {
  "error": "토큰이 만료되었습니다"
}
2025-09-30 13:39:25.534 [ERROR]: 인증 미들웨어 오류: {
  "error": "토큰이 만료되었습니다",
  "ip": "::1",
  "userAgent": "Mozilla/5.0 (Windows NT 10.0; Win64; x64) AppleWebKit/537.36 (KHTML, like Gecko) Chrome/140.0.0.0 Safari/537.36"
}
2025-09-30 13:39:55.532 [ERROR]: AuthService.getUserFromToken 오류: {
  "error": "토큰이 만료되었습니다"
}
2025-09-30 13:39:55.532 [ERROR]: 인증 미들웨어 오류: {
  "error": "토큰이 만료되었습니다",
  "ip": "::1",
  "userAgent": "Mozilla/5.0 (Windows NT 10.0; Win64; x64) AppleWebKit/537.36 (KHTML, like Gecko) Chrome/140.0.0.0 Safari/537.36"
}
2025-09-30 13:40:25.532 [ERROR]: AuthService.getUserFromToken 오류: {
  "error": "토큰이 만료되었습니다"
}
2025-09-30 13:40:25.532 [ERROR]: 인증 미들웨어 오류: {
  "error": "토큰이 만료되었습니다",
  "ip": "::1",
  "userAgent": "Mozilla/5.0 (Windows NT 10.0; Win64; x64) AppleWebKit/537.36 (KHTML, like Gecko) Chrome/140.0.0.0 Safari/537.36"
}
2025-09-30 13:40:55.538 [ERROR]: AuthService.getUserFromToken 오류: {
  "error": "토큰이 만료되었습니다"
}
2025-09-30 13:40:55.538 [ERROR]: 인증 미들웨어 오류: {
  "error": "토큰이 만료되었습니다",
  "ip": "::1",
  "userAgent": "Mozilla/5.0 (Windows NT 10.0; Win64; x64) AppleWebKit/537.36 (KHTML, like Gecko) Chrome/140.0.0.0 Safari/537.36"
}
2025-09-30 13:41:25.535 [ERROR]: AuthService.getUserFromToken 오류: {
  "error": "토큰이 만료되었습니다"
}
2025-09-30 13:41:25.535 [ERROR]: 인증 미들웨어 오류: {
  "error": "토큰이 만료되었습니다",
  "ip": "::1",
  "userAgent": "Mozilla/5.0 (Windows NT 10.0; Win64; x64) AppleWebKit/537.36 (KHTML, like Gecko) Chrome/140.0.0.0 Safari/537.36"
}
2025-09-30 13:41:55.536 [ERROR]: AuthService.getUserFromToken 오류: {
  "error": "토큰이 만료되었습니다"
}
2025-09-30 13:41:55.536 [ERROR]: 인증 미들웨어 오류: {
  "error": "토큰이 만료되었습니다",
  "ip": "::1",
  "userAgent": "Mozilla/5.0 (Windows NT 10.0; Win64; x64) AppleWebKit/537.36 (KHTML, like Gecko) Chrome/140.0.0.0 Safari/537.36"
}
2025-09-30 13:42:25.534 [ERROR]: AuthService.getUserFromToken 오류: {
  "error": "토큰이 만료되었습니다"
}
2025-09-30 13:42:25.534 [ERROR]: 인증 미들웨어 오류: {
  "error": "토큰이 만료되었습니다",
  "ip": "::1",
  "userAgent": "Mozilla/5.0 (Windows NT 10.0; Win64; x64) AppleWebKit/537.36 (KHTML, like Gecko) Chrome/140.0.0.0 Safari/537.36"
}
2025-09-30 13:42:55.532 [ERROR]: AuthService.getUserFromToken 오류: {
  "error": "토큰이 만료되었습니다"
}
2025-09-30 13:42:55.532 [ERROR]: 인증 미들웨어 오류: {
  "error": "토큰이 만료되었습니다",
  "ip": "::1",
  "userAgent": "Mozilla/5.0 (Windows NT 10.0; Win64; x64) AppleWebKit/537.36 (KHTML, like Gecko) Chrome/140.0.0.0 Safari/537.36"
}
2025-09-30 13:43:25.533 [ERROR]: AuthService.getUserFromToken 오류: {
  "error": "토큰이 만료되었습니다"
}
2025-09-30 13:43:25.533 [ERROR]: 인증 미들웨어 오류: {
  "error": "토큰이 만료되었습니다",
  "ip": "::1",
  "userAgent": "Mozilla/5.0 (Windows NT 10.0; Win64; x64) AppleWebKit/537.36 (KHTML, like Gecko) Chrome/140.0.0.0 Safari/537.36"
}
2025-09-30 13:43:55.533 [ERROR]: AuthService.getUserFromToken 오류: {
  "error": "토큰이 만료되었습니다"
}
2025-09-30 13:43:55.533 [ERROR]: 인증 미들웨어 오류: {
  "error": "토큰이 만료되었습니다",
  "ip": "::1",
  "userAgent": "Mozilla/5.0 (Windows NT 10.0; Win64; x64) AppleWebKit/537.36 (KHTML, like Gecko) Chrome/140.0.0.0 Safari/537.36"
}
2025-09-30 13:44:25.543 [ERROR]: AuthService.getUserFromToken 오류: {
  "error": "토큰이 만료되었습니다"
}
2025-09-30 13:44:25.543 [ERROR]: 인증 미들웨어 오류: {
  "error": "토큰이 만료되었습니다",
  "ip": "::1",
  "userAgent": "Mozilla/5.0 (Windows NT 10.0; Win64; x64) AppleWebKit/537.36 (KHTML, like Gecko) Chrome/140.0.0.0 Safari/537.36"
}
2025-09-30 13:44:55.533 [ERROR]: AuthService.getUserFromToken 오류: {
  "error": "토큰이 만료되었습니다"
}
2025-09-30 13:44:55.533 [ERROR]: 인증 미들웨어 오류: {
  "error": "토큰이 만료되었습니다",
  "ip": "::1",
  "userAgent": "Mozilla/5.0 (Windows NT 10.0; Win64; x64) AppleWebKit/537.36 (KHTML, like Gecko) Chrome/140.0.0.0 Safari/537.36"
}
2025-09-30 13:45:25.530 [ERROR]: AuthService.getUserFromToken 오류: {
  "error": "토큰이 만료되었습니다"
}
2025-09-30 13:45:25.530 [ERROR]: 인증 미들웨어 오류: {
  "error": "토큰이 만료되었습니다",
  "ip": "::1",
  "userAgent": "Mozilla/5.0 (Windows NT 10.0; Win64; x64) AppleWebKit/537.36 (KHTML, like Gecko) Chrome/140.0.0.0 Safari/537.36"
}
2025-09-30 13:45:55.537 [ERROR]: AuthService.getUserFromToken 오류: {
  "error": "토큰이 만료되었습니다"
}
2025-09-30 13:45:55.537 [ERROR]: 인증 미들웨어 오류: {
  "error": "토큰이 만료되었습니다",
  "ip": "::1",
  "userAgent": "Mozilla/5.0 (Windows NT 10.0; Win64; x64) AppleWebKit/537.36 (KHTML, like Gecko) Chrome/140.0.0.0 Safari/537.36"
}
2025-09-30 13:46:25.537 [ERROR]: AuthService.getUserFromToken 오류: {
  "error": "토큰이 만료되었습니다"
}
2025-09-30 13:46:25.537 [ERROR]: 인증 미들웨어 오류: {
  "error": "토큰이 만료되었습니다",
  "ip": "::1",
  "userAgent": "Mozilla/5.0 (Windows NT 10.0; Win64; x64) AppleWebKit/537.36 (KHTML, like Gecko) Chrome/140.0.0.0 Safari/537.36"
}
2025-09-30 13:46:55.534 [ERROR]: AuthService.getUserFromToken 오류: {
  "error": "토큰이 만료되었습니다"
}
2025-09-30 13:46:55.534 [ERROR]: 인증 미들웨어 오류: {
  "error": "토큰이 만료되었습니다",
  "ip": "::1",
  "userAgent": "Mozilla/5.0 (Windows NT 10.0; Win64; x64) AppleWebKit/537.36 (KHTML, like Gecko) Chrome/140.0.0.0 Safari/537.36"
}
2025-09-30 13:47:25.536 [ERROR]: AuthService.getUserFromToken 오류: {
  "error": "토큰이 만료되었습니다"
}
2025-09-30 13:47:25.537 [ERROR]: 인증 미들웨어 오류: {
  "error": "토큰이 만료되었습니다",
  "ip": "::1",
  "userAgent": "Mozilla/5.0 (Windows NT 10.0; Win64; x64) AppleWebKit/537.36 (KHTML, like Gecko) Chrome/140.0.0.0 Safari/537.36"
}
2025-09-30 13:47:55.535 [ERROR]: AuthService.getUserFromToken 오류: {
  "error": "토큰이 만료되었습니다"
}
2025-09-30 13:47:55.535 [ERROR]: 인증 미들웨어 오류: {
  "error": "토큰이 만료되었습니다",
  "ip": "::1",
  "userAgent": "Mozilla/5.0 (Windows NT 10.0; Win64; x64) AppleWebKit/537.36 (KHTML, like Gecko) Chrome/140.0.0.0 Safari/537.36"
}
2025-09-30 13:48:25.537 [ERROR]: AuthService.getUserFromToken 오류: {
  "error": "토큰이 만료되었습니다"
}
2025-09-30 13:48:25.537 [ERROR]: 인증 미들웨어 오류: {
  "error": "토큰이 만료되었습니다",
  "ip": "::1",
  "userAgent": "Mozilla/5.0 (Windows NT 10.0; Win64; x64) AppleWebKit/537.36 (KHTML, like Gecko) Chrome/140.0.0.0 Safari/537.36"
}
2025-09-30 13:48:55.531 [ERROR]: AuthService.getUserFromToken 오류: {
  "error": "토큰이 만료되었습니다"
}
2025-09-30 13:48:55.532 [ERROR]: 인증 미들웨어 오류: {
  "error": "토큰이 만료되었습니다",
  "ip": "::1",
  "userAgent": "Mozilla/5.0 (Windows NT 10.0; Win64; x64) AppleWebKit/537.36 (KHTML, like Gecko) Chrome/140.0.0.0 Safari/537.36"
}
2025-09-30 13:49:25.529 [ERROR]: AuthService.getUserFromToken 오류: {
  "error": "토큰이 만료되었습니다"
}
2025-09-30 13:49:25.529 [ERROR]: 인증 미들웨어 오류: {
  "error": "토큰이 만료되었습니다",
  "ip": "::1",
  "userAgent": "Mozilla/5.0 (Windows NT 10.0; Win64; x64) AppleWebKit/537.36 (KHTML, like Gecko) Chrome/140.0.0.0 Safari/537.36"
}
2025-09-30 13:49:55.534 [ERROR]: AuthService.getUserFromToken 오류: {
  "error": "토큰이 만료되었습니다"
}
2025-09-30 13:49:55.534 [ERROR]: 인증 미들웨어 오류: {
  "error": "토큰이 만료되었습니다",
  "ip": "::1",
  "userAgent": "Mozilla/5.0 (Windows NT 10.0; Win64; x64) AppleWebKit/537.36 (KHTML, like Gecko) Chrome/140.0.0.0 Safari/537.36"
}
2025-09-30 13:50:25.529 [ERROR]: AuthService.getUserFromToken 오류: {
  "error": "토큰이 만료되었습니다"
}
2025-09-30 13:50:25.529 [ERROR]: 인증 미들웨어 오류: {
  "error": "토큰이 만료되었습니다",
  "ip": "::1",
  "userAgent": "Mozilla/5.0 (Windows NT 10.0; Win64; x64) AppleWebKit/537.36 (KHTML, like Gecko) Chrome/140.0.0.0 Safari/537.36"
}
2025-09-30 13:50:55.530 [ERROR]: AuthService.getUserFromToken 오류: {
  "error": "토큰이 만료되었습니다"
}
2025-09-30 13:50:55.530 [ERROR]: 인증 미들웨어 오류: {
  "error": "토큰이 만료되었습니다",
  "ip": "::1",
  "userAgent": "Mozilla/5.0 (Windows NT 10.0; Win64; x64) AppleWebKit/537.36 (KHTML, like Gecko) Chrome/140.0.0.0 Safari/537.36"
}
2025-09-30 13:51:25.534 [ERROR]: AuthService.getUserFromToken 오류: {
  "error": "토큰이 만료되었습니다"
}
2025-09-30 13:51:25.534 [ERROR]: 인증 미들웨어 오류: {
  "error": "토큰이 만료되었습니다",
  "ip": "::1",
  "userAgent": "Mozilla/5.0 (Windows NT 10.0; Win64; x64) AppleWebKit/537.36 (KHTML, like Gecko) Chrome/140.0.0.0 Safari/537.36"
}
2025-09-30 13:51:55.551 [ERROR]: AuthService.getUserFromToken 오류: {
  "error": "토큰이 만료되었습니다"
}
2025-09-30 13:51:55.551 [ERROR]: 인증 미들웨어 오류: {
  "error": "토큰이 만료되었습니다",
  "ip": "::1",
  "userAgent": "Mozilla/5.0 (Windows NT 10.0; Win64; x64) AppleWebKit/537.36 (KHTML, like Gecko) Chrome/140.0.0.0 Safari/537.36"
}
2025-09-30 13:52:25.539 [ERROR]: AuthService.getUserFromToken 오류: {
  "error": "토큰이 만료되었습니다"
}
2025-09-30 13:52:25.539 [ERROR]: 인증 미들웨어 오류: {
  "error": "토큰이 만료되었습니다",
  "ip": "::1",
  "userAgent": "Mozilla/5.0 (Windows NT 10.0; Win64; x64) AppleWebKit/537.36 (KHTML, like Gecko) Chrome/140.0.0.0 Safari/537.36"
}
2025-09-30 13:52:55.535 [ERROR]: AuthService.getUserFromToken 오류: {
  "error": "토큰이 만료되었습니다"
}
2025-09-30 13:52:55.536 [ERROR]: 인증 미들웨어 오류: {
  "error": "토큰이 만료되었습니다",
  "ip": "::1",
  "userAgent": "Mozilla/5.0 (Windows NT 10.0; Win64; x64) AppleWebKit/537.36 (KHTML, like Gecko) Chrome/140.0.0.0 Safari/537.36"
}
2025-09-30 13:53:25.531 [ERROR]: AuthService.getUserFromToken 오류: {
  "error": "토큰이 만료되었습니다"
}
2025-09-30 13:53:25.531 [ERROR]: 인증 미들웨어 오류: {
  "error": "토큰이 만료되었습니다",
  "ip": "::1",
  "userAgent": "Mozilla/5.0 (Windows NT 10.0; Win64; x64) AppleWebKit/537.36 (KHTML, like Gecko) Chrome/140.0.0.0 Safari/537.36"
}
2025-09-30 13:53:55.540 [ERROR]: AuthService.getUserFromToken 오류: {
  "error": "토큰이 만료되었습니다"
}
2025-09-30 13:53:55.541 [ERROR]: 인증 미들웨어 오류: {
  "error": "토큰이 만료되었습니다",
  "ip": "::1",
  "userAgent": "Mozilla/5.0 (Windows NT 10.0; Win64; x64) AppleWebKit/537.36 (KHTML, like Gecko) Chrome/140.0.0.0 Safari/537.36"
}
2025-09-30 13:54:25.531 [ERROR]: AuthService.getUserFromToken 오류: {
  "error": "토큰이 만료되었습니다"
}
2025-09-30 13:54:25.531 [ERROR]: 인증 미들웨어 오류: {
  "error": "토큰이 만료되었습니다",
  "ip": "::1",
  "userAgent": "Mozilla/5.0 (Windows NT 10.0; Win64; x64) AppleWebKit/537.36 (KHTML, like Gecko) Chrome/140.0.0.0 Safari/537.36"
}
2025-09-30 13:54:55.531 [ERROR]: AuthService.getUserFromToken 오류: {
  "error": "토큰이 만료되었습니다"
}
2025-09-30 13:54:55.531 [ERROR]: 인증 미들웨어 오류: {
  "error": "토큰이 만료되었습니다",
  "ip": "::1",
  "userAgent": "Mozilla/5.0 (Windows NT 10.0; Win64; x64) AppleWebKit/537.36 (KHTML, like Gecko) Chrome/140.0.0.0 Safari/537.36"
}
2025-09-30 13:55:25.532 [ERROR]: AuthService.getUserFromToken 오류: {
  "error": "토큰이 만료되었습니다"
}
2025-09-30 13:55:25.533 [ERROR]: 인증 미들웨어 오류: {
  "error": "토큰이 만료되었습니다",
  "ip": "::1",
  "userAgent": "Mozilla/5.0 (Windows NT 10.0; Win64; x64) AppleWebKit/537.36 (KHTML, like Gecko) Chrome/140.0.0.0 Safari/537.36"
}
2025-09-30 13:55:55.535 [ERROR]: AuthService.getUserFromToken 오류: {
  "error": "토큰이 만료되었습니다"
}
2025-09-30 13:55:55.535 [ERROR]: 인증 미들웨어 오류: {
  "error": "토큰이 만료되었습니다",
  "ip": "::1",
  "userAgent": "Mozilla/5.0 (Windows NT 10.0; Win64; x64) AppleWebKit/537.36 (KHTML, like Gecko) Chrome/140.0.0.0 Safari/537.36"
}
2025-09-30 13:56:25.533 [ERROR]: AuthService.getUserFromToken 오류: {
  "error": "토큰이 만료되었습니다"
}
2025-09-30 13:56:25.533 [ERROR]: 인증 미들웨어 오류: {
  "error": "토큰이 만료되었습니다",
  "ip": "::1",
  "userAgent": "Mozilla/5.0 (Windows NT 10.0; Win64; x64) AppleWebKit/537.36 (KHTML, like Gecko) Chrome/140.0.0.0 Safari/537.36"
}
2025-09-30 13:56:55.531 [ERROR]: AuthService.getUserFromToken 오류: {
  "error": "토큰이 만료되었습니다"
}
2025-09-30 13:56:55.531 [ERROR]: 인증 미들웨어 오류: {
  "error": "토큰이 만료되었습니다",
  "ip": "::1",
  "userAgent": "Mozilla/5.0 (Windows NT 10.0; Win64; x64) AppleWebKit/537.36 (KHTML, like Gecko) Chrome/140.0.0.0 Safari/537.36"
}
2025-09-30 13:57:25.533 [ERROR]: AuthService.getUserFromToken 오류: {
  "error": "토큰이 만료되었습니다"
}
2025-09-30 13:57:25.533 [ERROR]: 인증 미들웨어 오류: {
  "error": "토큰이 만료되었습니다",
  "ip": "::1",
  "userAgent": "Mozilla/5.0 (Windows NT 10.0; Win64; x64) AppleWebKit/537.36 (KHTML, like Gecko) Chrome/140.0.0.0 Safari/537.36"
}
2025-09-30 13:57:55.534 [ERROR]: AuthService.getUserFromToken 오류: {
  "error": "토큰이 만료되었습니다"
}
2025-09-30 13:57:55.534 [ERROR]: 인증 미들웨어 오류: {
  "error": "토큰이 만료되었습니다",
  "ip": "::1",
  "userAgent": "Mozilla/5.0 (Windows NT 10.0; Win64; x64) AppleWebKit/537.36 (KHTML, like Gecko) Chrome/140.0.0.0 Safari/537.36"
}
2025-09-30 13:58:25.531 [ERROR]: AuthService.getUserFromToken 오류: {
  "error": "토큰이 만료되었습니다"
}
2025-09-30 13:58:25.531 [ERROR]: 인증 미들웨어 오류: {
  "error": "토큰이 만료되었습니다",
  "ip": "::1",
  "userAgent": "Mozilla/5.0 (Windows NT 10.0; Win64; x64) AppleWebKit/537.36 (KHTML, like Gecko) Chrome/140.0.0.0 Safari/537.36"
}
2025-09-30 13:58:55.531 [ERROR]: AuthService.getUserFromToken 오류: {
  "error": "토큰이 만료되었습니다"
}
2025-09-30 13:58:55.531 [ERROR]: 인증 미들웨어 오류: {
  "error": "토큰이 만료되었습니다",
  "ip": "::1",
  "userAgent": "Mozilla/5.0 (Windows NT 10.0; Win64; x64) AppleWebKit/537.36 (KHTML, like Gecko) Chrome/140.0.0.0 Safari/537.36"
}
2025-09-30 13:59:25.535 [ERROR]: AuthService.getUserFromToken 오류: {
  "error": "토큰이 만료되었습니다"
}
2025-09-30 13:59:25.535 [ERROR]: 인증 미들웨어 오류: {
  "error": "토큰이 만료되었습니다",
  "ip": "::1",
  "userAgent": "Mozilla/5.0 (Windows NT 10.0; Win64; x64) AppleWebKit/537.36 (KHTML, like Gecko) Chrome/140.0.0.0 Safari/537.36"
}
2025-09-30 13:59:55.535 [ERROR]: AuthService.getUserFromToken 오류: {
  "error": "토큰이 만료되었습니다"
}
2025-09-30 13:59:55.535 [ERROR]: 인증 미들웨어 오류: {
  "error": "토큰이 만료되었습니다",
  "ip": "::1",
  "userAgent": "Mozilla/5.0 (Windows NT 10.0; Win64; x64) AppleWebKit/537.36 (KHTML, like Gecko) Chrome/140.0.0.0 Safari/537.36"
}
2025-09-30 14:00:25.535 [ERROR]: AuthService.getUserFromToken 오류: {
  "error": "토큰이 만료되었습니다"
}
2025-09-30 14:00:25.535 [ERROR]: 인증 미들웨어 오류: {
  "error": "토큰이 만료되었습니다",
  "ip": "::1",
  "userAgent": "Mozilla/5.0 (Windows NT 10.0; Win64; x64) AppleWebKit/537.36 (KHTML, like Gecko) Chrome/140.0.0.0 Safari/537.36"
}
2025-09-30 14:00:55.550 [ERROR]: AuthService.getUserFromToken 오류: {
  "error": "토큰이 만료되었습니다"
}
2025-09-30 14:00:55.551 [ERROR]: 인증 미들웨어 오류: {
  "error": "토큰이 만료되었습니다",
  "ip": "::1",
  "userAgent": "Mozilla/5.0 (Windows NT 10.0; Win64; x64) AppleWebKit/537.36 (KHTML, like Gecko) Chrome/140.0.0.0 Safari/537.36"
}
2025-09-30 14:01:25.533 [ERROR]: AuthService.getUserFromToken 오류: {
  "error": "토큰이 만료되었습니다"
}
2025-09-30 14:01:25.533 [ERROR]: 인증 미들웨어 오류: {
  "error": "토큰이 만료되었습니다",
  "ip": "::1",
  "userAgent": "Mozilla/5.0 (Windows NT 10.0; Win64; x64) AppleWebKit/537.36 (KHTML, like Gecko) Chrome/140.0.0.0 Safari/537.36"
}
2025-09-30 14:01:55.531 [ERROR]: AuthService.getUserFromToken 오류: {
  "error": "토큰이 만료되었습니다"
}
2025-09-30 14:01:55.531 [ERROR]: 인증 미들웨어 오류: {
  "error": "토큰이 만료되었습니다",
  "ip": "::1",
  "userAgent": "Mozilla/5.0 (Windows NT 10.0; Win64; x64) AppleWebKit/537.36 (KHTML, like Gecko) Chrome/140.0.0.0 Safari/537.36"
}
2025-09-30 14:02:25.530 [ERROR]: AuthService.getUserFromToken 오류: {
  "error": "토큰이 만료되었습니다"
}
2025-09-30 14:02:25.530 [ERROR]: 인증 미들웨어 오류: {
  "error": "토큰이 만료되었습니다",
  "ip": "::1",
  "userAgent": "Mozilla/5.0 (Windows NT 10.0; Win64; x64) AppleWebKit/537.36 (KHTML, like Gecko) Chrome/140.0.0.0 Safari/537.36"
}
2025-09-30 14:02:55.536 [ERROR]: AuthService.getUserFromToken 오류: {
  "error": "토큰이 만료되었습니다"
}
2025-09-30 14:02:55.536 [ERROR]: 인증 미들웨어 오류: {
  "error": "토큰이 만료되었습니다",
  "ip": "::1",
  "userAgent": "Mozilla/5.0 (Windows NT 10.0; Win64; x64) AppleWebKit/537.36 (KHTML, like Gecko) Chrome/140.0.0.0 Safari/537.36"
}
2025-09-30 14:03:25.533 [ERROR]: AuthService.getUserFromToken 오류: {
  "error": "토큰이 만료되었습니다"
}
2025-09-30 14:03:25.533 [ERROR]: 인증 미들웨어 오류: {
  "error": "토큰이 만료되었습니다",
  "ip": "::1",
  "userAgent": "Mozilla/5.0 (Windows NT 10.0; Win64; x64) AppleWebKit/537.36 (KHTML, like Gecko) Chrome/140.0.0.0 Safari/537.36"
}
2025-09-30 14:03:55.528 [ERROR]: AuthService.getUserFromToken 오류: {
  "error": "토큰이 만료되었습니다"
}
2025-09-30 14:03:55.528 [ERROR]: 인증 미들웨어 오류: {
  "error": "토큰이 만료되었습니다",
  "ip": "::1",
  "userAgent": "Mozilla/5.0 (Windows NT 10.0; Win64; x64) AppleWebKit/537.36 (KHTML, like Gecko) Chrome/140.0.0.0 Safari/537.36"
}
2025-09-30 14:04:25.531 [ERROR]: AuthService.getUserFromToken 오류: {
  "error": "토큰이 만료되었습니다"
}
2025-09-30 14:04:25.531 [ERROR]: 인증 미들웨어 오류: {
  "error": "토큰이 만료되었습니다",
  "ip": "::1",
  "userAgent": "Mozilla/5.0 (Windows NT 10.0; Win64; x64) AppleWebKit/537.36 (KHTML, like Gecko) Chrome/140.0.0.0 Safari/537.36"
}
2025-09-30 14:04:55.536 [ERROR]: AuthService.getUserFromToken 오류: {
  "error": "토큰이 만료되었습니다"
}
2025-09-30 14:04:55.536 [ERROR]: 인증 미들웨어 오류: {
  "error": "토큰이 만료되었습니다",
  "ip": "::1",
  "userAgent": "Mozilla/5.0 (Windows NT 10.0; Win64; x64) AppleWebKit/537.36 (KHTML, like Gecko) Chrome/140.0.0.0 Safari/537.36"
}
2025-09-30 14:05:25.534 [ERROR]: AuthService.getUserFromToken 오류: {
  "error": "토큰이 만료되었습니다"
}
2025-09-30 14:05:25.534 [ERROR]: 인증 미들웨어 오류: {
  "error": "토큰이 만료되었습니다",
  "ip": "::1",
  "userAgent": "Mozilla/5.0 (Windows NT 10.0; Win64; x64) AppleWebKit/537.36 (KHTML, like Gecko) Chrome/140.0.0.0 Safari/537.36"
}
2025-09-30 14:05:55.533 [ERROR]: AuthService.getUserFromToken 오류: {
  "error": "토큰이 만료되었습니다"
}
2025-09-30 14:05:55.533 [ERROR]: 인증 미들웨어 오류: {
  "error": "토큰이 만료되었습니다",
  "ip": "::1",
  "userAgent": "Mozilla/5.0 (Windows NT 10.0; Win64; x64) AppleWebKit/537.36 (KHTML, like Gecko) Chrome/140.0.0.0 Safari/537.36"
}
2025-09-30 14:06:25.532 [ERROR]: AuthService.getUserFromToken 오류: {
  "error": "토큰이 만료되었습니다"
}
2025-09-30 14:06:25.533 [ERROR]: 인증 미들웨어 오류: {
  "error": "토큰이 만료되었습니다",
  "ip": "::1",
  "userAgent": "Mozilla/5.0 (Windows NT 10.0; Win64; x64) AppleWebKit/537.36 (KHTML, like Gecko) Chrome/140.0.0.0 Safari/537.36"
}
2025-09-30 14:06:55.546 [ERROR]: AuthService.getUserFromToken 오류: {
  "error": "토큰이 만료되었습니다"
}
2025-09-30 14:06:55.546 [ERROR]: 인증 미들웨어 오류: {
  "error": "토큰이 만료되었습니다",
  "ip": "::1",
  "userAgent": "Mozilla/5.0 (Windows NT 10.0; Win64; x64) AppleWebKit/537.36 (KHTML, like Gecko) Chrome/140.0.0.0 Safari/537.36"
}
2025-09-30 14:07:25.532 [ERROR]: AuthService.getUserFromToken 오류: {
  "error": "토큰이 만료되었습니다"
}
2025-09-30 14:07:25.532 [ERROR]: 인증 미들웨어 오류: {
  "error": "토큰이 만료되었습니다",
  "ip": "::1",
  "userAgent": "Mozilla/5.0 (Windows NT 10.0; Win64; x64) AppleWebKit/537.36 (KHTML, like Gecko) Chrome/140.0.0.0 Safari/537.36"
}
2025-09-30 14:07:55.530 [ERROR]: AuthService.getUserFromToken 오류: {
  "error": "토큰이 만료되었습니다"
}
2025-09-30 14:07:55.531 [ERROR]: 인증 미들웨어 오류: {
  "error": "토큰이 만료되었습니다",
  "ip": "::1",
  "userAgent": "Mozilla/5.0 (Windows NT 10.0; Win64; x64) AppleWebKit/537.36 (KHTML, like Gecko) Chrome/140.0.0.0 Safari/537.36"
}
2025-09-30 14:08:25.534 [ERROR]: AuthService.getUserFromToken 오류: {
  "error": "토큰이 만료되었습니다"
}
2025-09-30 14:08:25.534 [ERROR]: 인증 미들웨어 오류: {
  "error": "토큰이 만료되었습니다",
  "ip": "::1",
  "userAgent": "Mozilla/5.0 (Windows NT 10.0; Win64; x64) AppleWebKit/537.36 (KHTML, like Gecko) Chrome/140.0.0.0 Safari/537.36"
}
2025-09-30 14:08:55.532 [ERROR]: AuthService.getUserFromToken 오류: {
  "error": "토큰이 만료되었습니다"
}
2025-09-30 14:08:55.532 [ERROR]: 인증 미들웨어 오류: {
  "error": "토큰이 만료되었습니다",
  "ip": "::1",
  "userAgent": "Mozilla/5.0 (Windows NT 10.0; Win64; x64) AppleWebKit/537.36 (KHTML, like Gecko) Chrome/140.0.0.0 Safari/537.36"
}
2025-09-30 14:09:25.533 [ERROR]: AuthService.getUserFromToken 오류: {
  "error": "토큰이 만료되었습니다"
}
2025-09-30 14:09:25.533 [ERROR]: 인증 미들웨어 오류: {
  "error": "토큰이 만료되었습니다",
  "ip": "::1",
  "userAgent": "Mozilla/5.0 (Windows NT 10.0; Win64; x64) AppleWebKit/537.36 (KHTML, like Gecko) Chrome/140.0.0.0 Safari/537.36"
}
2025-09-30 14:09:55.532 [ERROR]: AuthService.getUserFromToken 오류: {
  "error": "토큰이 만료되었습니다"
}
2025-09-30 14:09:55.532 [ERROR]: 인증 미들웨어 오류: {
  "error": "토큰이 만료되었습니다",
  "ip": "::1",
  "userAgent": "Mozilla/5.0 (Windows NT 10.0; Win64; x64) AppleWebKit/537.36 (KHTML, like Gecko) Chrome/140.0.0.0 Safari/537.36"
}
2025-09-30 14:10:25.547 [ERROR]: AuthService.getUserFromToken 오류: {
  "error": "토큰이 만료되었습니다"
}
2025-09-30 14:10:25.547 [ERROR]: 인증 미들웨어 오류: {
  "error": "토큰이 만료되었습니다",
  "ip": "::1",
  "userAgent": "Mozilla/5.0 (Windows NT 10.0; Win64; x64) AppleWebKit/537.36 (KHTML, like Gecko) Chrome/140.0.0.0 Safari/537.36"
}
2025-09-30 14:10:55.529 [ERROR]: AuthService.getUserFromToken 오류: {
  "error": "토큰이 만료되었습니다"
}
2025-09-30 14:10:55.530 [ERROR]: 인증 미들웨어 오류: {
  "error": "토큰이 만료되었습니다",
  "ip": "::1",
  "userAgent": "Mozilla/5.0 (Windows NT 10.0; Win64; x64) AppleWebKit/537.36 (KHTML, like Gecko) Chrome/140.0.0.0 Safari/537.36"
}
2025-09-30 14:11:25.547 [ERROR]: AuthService.getUserFromToken 오류: {
  "error": "토큰이 만료되었습니다"
}
2025-09-30 14:11:25.547 [ERROR]: 인증 미들웨어 오류: {
  "error": "토큰이 만료되었습니다",
  "ip": "::1",
  "userAgent": "Mozilla/5.0 (Windows NT 10.0; Win64; x64) AppleWebKit/537.36 (KHTML, like Gecko) Chrome/140.0.0.0 Safari/537.36"
}
2025-09-30 14:11:55.533 [ERROR]: AuthService.getUserFromToken 오류: {
  "error": "토큰이 만료되었습니다"
}
2025-09-30 14:11:55.533 [ERROR]: 인증 미들웨어 오류: {
  "error": "토큰이 만료되었습니다",
  "ip": "::1",
  "userAgent": "Mozilla/5.0 (Windows NT 10.0; Win64; x64) AppleWebKit/537.36 (KHTML, like Gecko) Chrome/140.0.0.0 Safari/537.36"
}
2025-09-30 14:12:25.543 [ERROR]: AuthService.getUserFromToken 오류: {
  "error": "토큰이 만료되었습니다"
}
2025-09-30 14:12:25.543 [ERROR]: 인증 미들웨어 오류: {
  "error": "토큰이 만료되었습니다",
  "ip": "::1",
  "userAgent": "Mozilla/5.0 (Windows NT 10.0; Win64; x64) AppleWebKit/537.36 (KHTML, like Gecko) Chrome/140.0.0.0 Safari/537.36"
}
2025-09-30 14:12:55.533 [ERROR]: AuthService.getUserFromToken 오류: {
  "error": "토큰이 만료되었습니다"
}
2025-09-30 14:12:55.533 [ERROR]: 인증 미들웨어 오류: {
  "error": "토큰이 만료되었습니다",
  "ip": "::1",
  "userAgent": "Mozilla/5.0 (Windows NT 10.0; Win64; x64) AppleWebKit/537.36 (KHTML, like Gecko) Chrome/140.0.0.0 Safari/537.36"
}
2025-09-30 14:13:25.546 [ERROR]: AuthService.getUserFromToken 오류: {
  "error": "토큰이 만료되었습니다"
}
2025-09-30 14:13:25.546 [ERROR]: 인증 미들웨어 오류: {
  "error": "토큰이 만료되었습니다",
  "ip": "::1",
  "userAgent": "Mozilla/5.0 (Windows NT 10.0; Win64; x64) AppleWebKit/537.36 (KHTML, like Gecko) Chrome/140.0.0.0 Safari/537.36"
}
2025-09-30 14:13:55.540 [ERROR]: AuthService.getUserFromToken 오류: {
  "error": "토큰이 만료되었습니다"
}
2025-09-30 14:13:55.540 [ERROR]: 인증 미들웨어 오류: {
  "error": "토큰이 만료되었습니다",
  "ip": "::1",
  "userAgent": "Mozilla/5.0 (Windows NT 10.0; Win64; x64) AppleWebKit/537.36 (KHTML, like Gecko) Chrome/140.0.0.0 Safari/537.36"
}
2025-09-30 14:14:25.531 [ERROR]: AuthService.getUserFromToken 오류: {
  "error": "토큰이 만료되었습니다"
}
2025-09-30 14:14:25.531 [ERROR]: 인증 미들웨어 오류: {
  "error": "토큰이 만료되었습니다",
  "ip": "::1",
  "userAgent": "Mozilla/5.0 (Windows NT 10.0; Win64; x64) AppleWebKit/537.36 (KHTML, like Gecko) Chrome/140.0.0.0 Safari/537.36"
}
2025-09-30 14:14:55.536 [ERROR]: AuthService.getUserFromToken 오류: {
  "error": "토큰이 만료되었습니다"
}
2025-09-30 14:14:55.536 [ERROR]: 인증 미들웨어 오류: {
  "error": "토큰이 만료되었습니다",
  "ip": "::1",
  "userAgent": "Mozilla/5.0 (Windows NT 10.0; Win64; x64) AppleWebKit/537.36 (KHTML, like Gecko) Chrome/140.0.0.0 Safari/537.36"
}
2025-09-30 14:15:25.531 [ERROR]: AuthService.getUserFromToken 오류: {
  "error": "토큰이 만료되었습니다"
}
2025-09-30 14:15:25.531 [ERROR]: 인증 미들웨어 오류: {
  "error": "토큰이 만료되었습니다",
  "ip": "::1",
  "userAgent": "Mozilla/5.0 (Windows NT 10.0; Win64; x64) AppleWebKit/537.36 (KHTML, like Gecko) Chrome/140.0.0.0 Safari/537.36"
}
2025-09-30 14:15:55.538 [ERROR]: AuthService.getUserFromToken 오류: {
  "error": "토큰이 만료되었습니다"
}
2025-09-30 14:15:55.539 [ERROR]: 인증 미들웨어 오류: {
  "error": "토큰이 만료되었습니다",
  "ip": "::1",
  "userAgent": "Mozilla/5.0 (Windows NT 10.0; Win64; x64) AppleWebKit/537.36 (KHTML, like Gecko) Chrome/140.0.0.0 Safari/537.36"
}
2025-09-30 14:16:25.535 [ERROR]: AuthService.getUserFromToken 오류: {
  "error": "토큰이 만료되었습니다"
}
2025-09-30 14:16:25.535 [ERROR]: 인증 미들웨어 오류: {
  "error": "토큰이 만료되었습니다",
  "ip": "::1",
  "userAgent": "Mozilla/5.0 (Windows NT 10.0; Win64; x64) AppleWebKit/537.36 (KHTML, like Gecko) Chrome/140.0.0.0 Safari/537.36"
}
2025-09-30 14:16:55.539 [ERROR]: AuthService.getUserFromToken 오류: {
  "error": "토큰이 만료되었습니다"
}
2025-09-30 14:16:55.539 [ERROR]: 인증 미들웨어 오류: {
  "error": "토큰이 만료되었습니다",
  "ip": "::1",
  "userAgent": "Mozilla/5.0 (Windows NT 10.0; Win64; x64) AppleWebKit/537.36 (KHTML, like Gecko) Chrome/140.0.0.0 Safari/537.36"
}
2025-09-30 14:17:25.533 [ERROR]: AuthService.getUserFromToken 오류: {
  "error": "토큰이 만료되었습니다"
}
2025-09-30 14:17:25.533 [ERROR]: 인증 미들웨어 오류: {
  "error": "토큰이 만료되었습니다",
  "ip": "::1",
  "userAgent": "Mozilla/5.0 (Windows NT 10.0; Win64; x64) AppleWebKit/537.36 (KHTML, like Gecko) Chrome/140.0.0.0 Safari/537.36"
}
2025-09-30 14:17:55.533 [ERROR]: AuthService.getUserFromToken 오류: {
  "error": "토큰이 만료되었습니다"
}
2025-09-30 14:17:55.533 [ERROR]: 인증 미들웨어 오류: {
  "error": "토큰이 만료되었습니다",
  "ip": "::1",
  "userAgent": "Mozilla/5.0 (Windows NT 10.0; Win64; x64) AppleWebKit/537.36 (KHTML, like Gecko) Chrome/140.0.0.0 Safari/537.36"
}
2025-09-30 14:18:25.531 [ERROR]: AuthService.getUserFromToken 오류: {
  "error": "토큰이 만료되었습니다"
}
2025-09-30 14:18:25.531 [ERROR]: 인증 미들웨어 오류: {
  "error": "토큰이 만료되었습니다",
  "ip": "::1",
  "userAgent": "Mozilla/5.0 (Windows NT 10.0; Win64; x64) AppleWebKit/537.36 (KHTML, like Gecko) Chrome/140.0.0.0 Safari/537.36"
}
2025-09-30 14:18:55.532 [ERROR]: AuthService.getUserFromToken 오류: {
  "error": "토큰이 만료되었습니다"
}
2025-09-30 14:18:55.532 [ERROR]: 인증 미들웨어 오류: {
  "error": "토큰이 만료되었습니다",
  "ip": "::1",
  "userAgent": "Mozilla/5.0 (Windows NT 10.0; Win64; x64) AppleWebKit/537.36 (KHTML, like Gecko) Chrome/140.0.0.0 Safari/537.36"
}
2025-09-30 14:19:25.544 [ERROR]: AuthService.getUserFromToken 오류: {
  "error": "토큰이 만료되었습니다"
}
2025-09-30 14:19:25.544 [ERROR]: 인증 미들웨어 오류: {
  "error": "토큰이 만료되었습니다",
  "ip": "::1",
  "userAgent": "Mozilla/5.0 (Windows NT 10.0; Win64; x64) AppleWebKit/537.36 (KHTML, like Gecko) Chrome/140.0.0.0 Safari/537.36"
}
2025-09-30 14:19:55.536 [ERROR]: AuthService.getUserFromToken 오류: {
  "error": "토큰이 만료되었습니다"
}
2025-09-30 14:19:55.536 [ERROR]: 인증 미들웨어 오류: {
  "error": "토큰이 만료되었습니다",
  "ip": "::1",
  "userAgent": "Mozilla/5.0 (Windows NT 10.0; Win64; x64) AppleWebKit/537.36 (KHTML, like Gecko) Chrome/140.0.0.0 Safari/537.36"
}
2025-09-30 14:20:25.538 [ERROR]: AuthService.getUserFromToken 오류: {
  "error": "토큰이 만료되었습니다"
}
2025-09-30 14:20:25.538 [ERROR]: 인증 미들웨어 오류: {
  "error": "토큰이 만료되었습니다",
  "ip": "::1",
  "userAgent": "Mozilla/5.0 (Windows NT 10.0; Win64; x64) AppleWebKit/537.36 (KHTML, like Gecko) Chrome/140.0.0.0 Safari/537.36"
}
2025-09-30 14:20:55.531 [ERROR]: AuthService.getUserFromToken 오류: {
  "error": "토큰이 만료되었습니다"
}
2025-09-30 14:20:55.531 [ERROR]: 인증 미들웨어 오류: {
  "error": "토큰이 만료되었습니다",
  "ip": "::1",
  "userAgent": "Mozilla/5.0 (Windows NT 10.0; Win64; x64) AppleWebKit/537.36 (KHTML, like Gecko) Chrome/140.0.0.0 Safari/537.36"
}
2025-09-30 14:20:58.582 [ERROR]: AuthService.getUserFromToken 오류: {
  "error": "토큰이 만료되었습니다"
}
2025-09-30 14:20:58.582 [ERROR]: 인증 미들웨어 오류: {
  "error": "토큰이 만료되었습니다",
  "ip": "::1",
  "userAgent": "Mozilla/5.0 (Windows NT 10.0; Win64; x64) AppleWebKit/537.36 (KHTML, like Gecko) Chrome/140.0.0.0 Safari/537.36"
}
2025-09-30 14:20:58.584 [ERROR]: AuthService.getUserFromToken 오류: {
  "error": "토큰이 만료되었습니다"
}
2025-09-30 14:20:58.584 [ERROR]: 인증 미들웨어 오류: {
  "error": "토큰이 만료되었습니다",
  "ip": "::1",
  "userAgent": "Mozilla/5.0 (Windows NT 10.0; Win64; x64) AppleWebKit/537.36 (KHTML, like Gecko) Chrome/140.0.0.0 Safari/537.36"
}
2025-09-30 14:21:02.060 [ERROR]: AuthService.getUserFromToken 오류: {
  "error": "토큰이 만료되었습니다"
}
2025-09-30 14:21:02.060 [ERROR]: 인증 미들웨어 오류: {
  "error": "토큰이 만료되었습니다",
  "ip": "::1",
  "userAgent": "Mozilla/5.0 (Windows NT 10.0; Win64; x64) AppleWebKit/537.36 (KHTML, like Gecko) Chrome/140.0.0.0 Safari/537.36"
}
2025-09-30 14:21:02.062 [ERROR]: AuthService.getUserFromToken 오류: {
  "error": "토큰이 만료되었습니다"
}
2025-09-30 14:21:02.062 [ERROR]: 인증 미들웨어 오류: {
  "error": "토큰이 만료되었습니다",
  "ip": "::1",
  "userAgent": "Mozilla/5.0 (Windows NT 10.0; Win64; x64) AppleWebKit/537.36 (KHTML, like Gecko) Chrome/140.0.0.0 Safari/537.36"
}
2025-09-30 14:21:03.270 [ERROR]: AuthService.getUserFromToken 오류: {
  "error": "토큰이 만료되었습니다"
}
2025-09-30 14:21:03.271 [ERROR]: 인증 미들웨어 오류: {
  "error": "토큰이 만료되었습니다",
  "ip": "::1",
  "userAgent": "Mozilla/5.0 (Windows NT 10.0; Win64; x64) AppleWebKit/537.36 (KHTML, like Gecko) Chrome/140.0.0.0 Safari/537.36"
}
2025-09-30 14:21:03.272 [ERROR]: AuthService.getUserFromToken 오류: {
  "error": "토큰이 만료되었습니다"
}
2025-09-30 14:21:03.272 [ERROR]: 인증 미들웨어 오류: {
  "error": "토큰이 만료되었습니다",
  "ip": "::1",
  "userAgent": "Mozilla/5.0 (Windows NT 10.0; Win64; x64) AppleWebKit/537.36 (KHTML, like Gecko) Chrome/140.0.0.0 Safari/537.36"
}
2025-09-30 15:09:21.327 [ERROR]: 처리되지 않은 예외: listen EADDRINUSE: address already in use ::1:3000 {
  "code": "EADDRINUSE",
  "errno": -4091,
  "syscall": "listen",
  "address": "::1",
  "port": 3000
}
Error: listen EADDRINUSE: address already in use ::1:3000
    at Server.setupListenHandle [as _listen2] (node:net:1940:16)
    at listenInCluster (node:net:1997:12)
    at GetAddrInfoReqWrap.callback (node:net:2206:7)
    at GetAddrInfoReqWrap.onlookupall [as oncomplete] (node:dns:134:8)
2025-09-30 15:12:35.651 [ERROR]: 처리되지 않은 예외: listen EADDRINUSE: address already in use ::1:3000 {
  "code": "EADDRINUSE",
  "errno": -4091,
  "syscall": "listen",
  "address": "::1",
  "port": 3000
}
Error: listen EADDRINUSE: address already in use ::1:3000
    at Server.setupListenHandle [as _listen2] (node:net:1940:16)
    at listenInCluster (node:net:1997:12)
    at GetAddrInfoReqWrap.callback (node:net:2206:7)
    at GetAddrInfoReqWrap.onlookupall [as oncomplete] (node:dns:134:8)
2025-09-30 15:53:11.733 [ERROR]: 처리되지 않은 예외: listen EADDRINUSE: address already in use ::1:3000 {
  "code": "EADDRINUSE",
  "errno": -4091,
  "syscall": "listen",
  "address": "::1",
  "port": 3000
}
Error: listen EADDRINUSE: address already in use ::1:3000
    at Server.setupListenHandle [as _listen2] (node:net:1940:16)
    at listenInCluster (node:net:1997:12)
    at GetAddrInfoReqWrap.callback (node:net:2206:7)
    at GetAddrInfoReqWrap.onlookupall [as oncomplete] (node:dns:134:8)
2025-09-30 20:36:39.447 [ERROR]: 트랜잭션 롤백: "category" 칼럼은 "schedules" 릴레이션(relation)에 없음 {
  "length": 141,
  "name": "error",
  "severity": "오류",
  "code": "42703",
  "position": "142",
  "file": "parse_target.c",
  "line": "1070",
  "routine": "checkInsertTargets"
}
error: "category" 칼럼은 "schedules" 릴레이션(relation)에 없음
    at D:\dev\workspace_test\team-caltalk\backend\node_modules\pg\lib\client.js:545:17
    at process.processTicksAndRejections (node:internal/process/task_queues:105:5)
    at async D:\dev\workspace_test\team-caltalk\backend\src\models\Schedule.js:75:32
    at async DatabaseConfig.transaction (D:\dev\workspace_test\team-caltalk\backend\src\config\database.js:85:22)
    at async Schedule.transaction (D:\dev\workspace_test\team-caltalk\backend\src\models\BaseModel.js:296:12)
    at async Schedule.createSchedule (D:\dev\workspace_test\team-caltalk\backend\src\models\Schedule.js:73:22)
    at async D:\dev\workspace_test\team-caltalk\backend\src\routes\schedules.js:440:22
2025-09-30 20:36:39.447 [ERROR]: Schedule.createSchedule 오류: {
  "scheduleData": {
    "title": "11",
    "content": "11111",
    "startDatetime": "2025-10-06T00:00:00.000Z",
    "endDatetime": "2025-10-06T02:00:00.000Z",
    "scheduleType": "team",
    "creatorId": "102",
    "teamId": 52,
    "participantIds": [
      103
    ],
    "category": "other",
    "priority": "medium"
  },
  "error": "\"category\" 칼럼은 \"schedules\" 릴레이션(relation)에 없음"
}
2025-09-30 20:36:39.447 [ERROR]: 일정 생성 오류: {
  "error": "\"category\" 칼럼은 \"schedules\" 릴레이션(relation)에 없음",
  "userId": "102",
  "scheduleData": {
    "title": "11",
    "content": "11111",
    "startDatetime": "2025-10-06T00:00:00.000Z",
    "endDatetime": "2025-10-06T02:00:00.000Z",
    "scheduleType": "team",
    "participantIds": [
      103
    ],
    "teamId": 52
  }
}
2025-09-30 20:38:05.506 [ERROR]: Schedule.createSchedule 오류: {
  "scheduleData": {
    "title": "11",
    "content": "11111",
    "startDatetime": "2025-10-06T00:00:00.000Z",
    "endDatetime": "2025-10-06T02:00:00.000Z",
    "scheduleType": "team",
    "creatorId": "102",
    "teamId": 52,
    "participantIds": [
      103
    ],
    "category": "other",
    "priority": "medium"
  },
  "error": "allParticipants is not defined"
}
2025-09-30 20:38:05.506 [ERROR]: 일정 생성 오류: {
  "error": "allParticipants is not defined",
  "userId": "102",
  "scheduleData": {
    "title": "11",
    "content": "11111",
    "startDatetime": "2025-10-06T00:00:00.000Z",
    "endDatetime": "2025-10-06T02:00:00.000Z",
    "scheduleType": "team",
    "participantIds": [
      103
    ],
    "teamId": 52
  }
}
2025-09-30 20:40:03.419 [ERROR]: Schedule.createSchedule 오류: {
  "scheduleData": {
    "title": "222",
    "content": "2222",
    "startDatetime": "2025-10-06T00:00:00.000Z",
    "endDatetime": "2025-10-10T01:00:00.000Z",
    "scheduleType": "team",
    "creatorId": "102",
    "teamId": 52,
    "participantIds": [
      103,
      102
    ],
    "category": "other",
    "priority": "medium"
  },
  "error": "일정 충돌이 발생했습니다"
}
2025-09-30 20:40:03.419 [ERROR]: 일정 생성 오류: {
  "error": "일정 충돌이 발생했습니다",
  "userId": "102",
  "scheduleData": {
    "title": "222",
    "content": "2222",
    "startDatetime": "2025-10-06T00:00:00.000Z",
    "endDatetime": "2025-10-10T01:00:00.000Z",
    "scheduleType": "team",
    "participantIds": [
      103,
      102
    ],
    "teamId": 52
  }
}
2025-09-30 20:41:28.200 [ERROR]: Schedule.createSchedule 오류: {
  "scheduleData": {
    "title": "111",
    "content": "11111",
    "startDatetime": "2025-10-06T00:00:00.000Z",
    "endDatetime": "2025-10-07T01:00:00.000Z",
    "scheduleType": "team",
    "creatorId": "102",
    "teamId": 52,
    "participantIds": [
      103
    ],
    "category": "other",
    "priority": "medium"
  },
  "error": "일정 충돌이 발생했습니다"
}
2025-09-30 20:41:28.200 [ERROR]: 일정 생성 오류: {
  "error": "일정 충돌이 발생했습니다",
  "userId": "102",
  "scheduleData": {
    "title": "111",
    "content": "11111",
    "startDatetime": "2025-10-06T00:00:00.000Z",
    "endDatetime": "2025-10-07T01:00:00.000Z",
    "scheduleType": "team",
    "participantIds": [
      103
    ],
    "teamId": 52
  }
}
2025-09-30 20:51:01.100 [ERROR]: 쿼리 실행 오류: {
  "error": "sp.status 칼럼 없음",
  "query": "\n            SELECT\n              sp.id,\n              sp.schedule_id,\n              sp.user_id,\n   ...",
  "params": [
    "374"
  ]
}
2025-09-30 20:51:01.100 [ERROR]: Schedule.getUserSchedules 오류: {
  "userId": "102",
  "filters": {
    "startDate": null,
    "endDate": null,
    "teamId": 52
  },
  "error": "sp.status 칼럼 없음"
}
2025-09-30 20:51:01.101 [ERROR]: 일정 목록 조회 오류: {
  "error": "sp.status 칼럼 없음",
  "userId": "102",
  "query": {
    "teamId": "52"
  }
}
2025-09-30 20:51:01.102 [ERROR]: 쿼리 실행 오류: {
  "error": "sp.status 칼럼 없음",
  "query": "\n            SELECT\n              sp.id,\n              sp.schedule_id,\n              sp.user_id,\n   ...",
  "params": [
    "373"
  ]
}
2025-09-30 20:51:01.104 [ERROR]: 쿼리 실행 오류: {
  "error": "sp.status 칼럼 없음",
  "query": "\n            SELECT\n              sp.id,\n              sp.schedule_id,\n              sp.user_id,\n   ...",
  "params": [
    "375"
  ]
}
2025-09-30 20:51:01.173 [ERROR]: 쿼리 실행 오류: {
  "error": "sp.status 칼럼 없음",
  "query": "\n            SELECT\n              sp.id,\n              sp.schedule_id,\n              sp.user_id,\n   ...",
  "params": [
    "374"
  ]
}
2025-09-30 20:51:01.173 [ERROR]: Schedule.getUserSchedules 오류: {
  "userId": "102",
  "filters": {
    "startDate": null,
    "endDate": null,
    "teamId": 52
  },
  "error": "sp.status 칼럼 없음"
}
2025-09-30 20:51:01.173 [ERROR]: 일정 목록 조회 오류: {
  "error": "sp.status 칼럼 없음",
  "userId": "102",
  "query": {
    "teamId": "52"
  }
}
2025-09-30 20:51:01.229 [ERROR]: 쿼리 실행 오류: {
  "error": "sp.status 칼럼 없음",
  "query": "\n            SELECT\n              sp.id,\n              sp.schedule_id,\n              sp.user_id,\n   ...",
  "params": [
    "375"
  ]
}
2025-09-30 20:51:01.230 [ERROR]: 쿼리 실행 오류: {
  "error": "sp.status 칼럼 없음",
  "query": "\n            SELECT\n              sp.id,\n              sp.schedule_id,\n              sp.user_id,\n   ...",
  "params": [
    "373"
  ]
}
2025-09-30 21:00:58.923 [ERROR]: 트랜잭션 롤백: 중복된 키 값이 "schedule_participants_schedule_id_user_id_key" 고유 제약 조건을 위반함 {
  "length": 308,
  "name": "error",
  "severity": "오류",
  "code": "23505",
  "detail": "(schedule_id, user_id)=(377, 102) 키가 이미 있습니다.",
  "schema": "public",
  "table": "schedule_participants",
  "constraint": "schedule_participants_schedule_id_user_id_key",
  "file": "nbtinsert.c",
  "line": "673",
  "routine": "_bt_check_unique"
}
error: 중복된 키 값이 "schedule_participants_schedule_id_user_id_key" 고유 제약 조건을 위반함
    at D:\dev\workspace_test\team-caltalk\backend\node_modules\pg\lib\client.js:545:17
    at process.processTicksAndRejections (node:internal/process/task_queues:105:5)
    at async D:\dev\workspace_test\team-caltalk\backend\src\models\Schedule.js:96:11
    at async DatabaseConfig.transaction (D:\dev\workspace_test\team-caltalk\backend\src\config\database.js:85:22)
    at async Schedule.transaction (D:\dev\workspace_test\team-caltalk\backend\src\models\BaseModel.js:296:12)
    at async Schedule.createSchedule (D:\dev\workspace_test\team-caltalk\backend\src\models\Schedule.js:73:22)
    at async D:\dev\workspace_test\team-caltalk\backend\src\routes\schedules.js:440:22
2025-09-30 21:00:58.924 [ERROR]: Schedule.createSchedule 오류: {
  "scheduleData": {
    "title": "111",
    "content": "111111",
    "startDatetime": "2025-10-06T00:00:00.000Z",
    "endDatetime": "2025-10-08T01:00:00.000Z",
    "scheduleType": "team",
    "creatorId": "102",
    "teamId": 52,
    "participantIds": [
      102
    ],
    "category": "other",
    "priority": "medium"
  },
  "error": "중복된 키 값이 \"schedule_participants_schedule_id_user_id_key\" 고유 제약 조건을 위반함"
}
2025-09-30 21:00:58.924 [ERROR]: 일정 생성 오류: {
  "error": "중복된 키 값이 \"schedule_participants_schedule_id_user_id_key\" 고유 제약 조건을 위반함",
  "userId": "102",
  "scheduleData": {
    "title": "111",
    "content": "111111",
    "startDatetime": "2025-10-06T00:00:00.000Z",
    "endDatetime": "2025-10-08T01:00:00.000Z",
    "scheduleType": "team",
    "participantIds": [
      102
    ],
    "teamId": 52
  }
}
2025-09-30 21:13:53.614 [ERROR]: Schedule.createSchedule 오류: {
  "scheduleData": {
    "title": "33",
    "content": "3333",
    "startDatetime": "2025-10-05T00:00:00.000Z",
    "endDatetime": "2025-10-06T01:00:00.000Z",
    "scheduleType": "team",
    "creatorId": "102",
    "teamId": 52,
    "participantIds": [
      103
    ],
    "category": "other",
    "priority": "medium"
  },
  "error": "일정 충돌이 발생했습니다"
}
2025-09-30 21:13:53.614 [ERROR]: 일정 생성 오류: {
  "error": "일정 충돌이 발생했습니다",
  "userId": "102",
  "scheduleData": {
    "title": "33",
    "content": "3333",
    "startDatetime": "2025-10-05T00:00:00.000Z",
    "endDatetime": "2025-10-06T01:00:00.000Z",
    "scheduleType": "team",
    "participantIds": [
      103
    ],
    "teamId": 52
  }
}
2025-09-30 21:14:13.110 [ERROR]: Schedule.updateSchedule 오류: {
  "scheduleId": 381,
  "updateData": {
    "title": "222",
    "content": "2222",
    "startDatetime": "2025-10-05T00:00:00.000Z",
    "endDatetime": "2025-10-07T01:00:00.000Z",
    "participantIds": [
      102,
      103
    ]
  },
  "error": "일정 충돌이 발생했습니다"
}
2025-09-30 21:14:13.111 [ERROR]: 일정 수정 오류: {
  "error": "일정 충돌이 발생했습니다",
  "scheduleId": 381,
  "userId": "102",
  "updateData": {
    "title": "222",
    "content": "2222",
    "startDatetime": "2025-10-05T00:00:00.000Z",
    "endDatetime": "2025-10-07T01:00:00.000Z",
    "scheduleType": "team",
    "participantIds": [
      102,
      103
    ],
    "id": "381"
  }
}
2025-09-30 21:20:18.122 [ERROR]: 처리되지 않은 예외: EPIPE: broken pipe, write {
  "errno": -4047,
  "syscall": "write",
  "code": "EPIPE"
}
Error: EPIPE: broken pipe, write
    at Socket._write (node:internal/net:75:18)
    at writeOrBuffer (node:internal/streams/writable:570:12)
    at _write (node:internal/streams/writable:499:10)
    at Writable.write (node:internal/streams/writable:508:10)
    at Console.log (D:\dev\workspace_test\team-caltalk\backend\node_modules\winston\lib\winston\transports\console.js:87:23)
    at Console._write (D:\dev\workspace_test\team-caltalk\backend\node_modules\winston-transport\modern.js:103:17)
    at doWrite (D:\dev\workspace_test\team-caltalk\backend\node_modules\readable-stream\lib\_stream_writable.js:390:139)
    at writeOrBuffer (D:\dev\workspace_test\team-caltalk\backend\node_modules\readable-stream\lib\_stream_writable.js:381:5)
    at Writable.write (D:\dev\workspace_test\team-caltalk\backend\node_modules\readable-stream\lib\_stream_writable.js:302:11)
    at DerivedLogger.ondata (D:\dev\workspace_test\team-caltalk\backend\node_modules\readable-stream\lib\_stream_readable.js:629:20)
2025-09-30 21:36:43.082 [ERROR]: 일정 변경 요청 생성 오류: {
  "error": "Message.createMessage is not a function",
  "userId": "103",
  "body": {
    "teamId": "52",
    "scheduleId": "382",
    "content": "10.7~10.9로 일정을 변경해주세요.",
    "targetDate": "2025-10-06"
  }
}
2025-09-30 21:38:31.085 [ERROR]: 처리되지 않은 예외: listen EADDRINUSE: address already in use ::1:3000 {
  "code": "EADDRINUSE",
  "errno": -4091,
  "syscall": "listen",
  "address": "::1",
  "port": 3000
}
Error: listen EADDRINUSE: address already in use ::1:3000
    at Server.setupListenHandle [as _listen2] (node:net:1940:16)
    at listenInCluster (node:net:1997:12)
    at GetAddrInfoReqWrap.callback (node:net:2206:7)
    at GetAddrInfoReqWrap.onlookupall [as oncomplete] (node:dns:134:8)
2025-09-30 21:40:02.545 [ERROR]: Message.sendMessage 오류: {
  "messageData": {
    "teamId": "52",
    "senderId": "103",
    "content": "10.8~10.10 로 일정 변경을 요청합니다.",
    "targetDate": "2025-10-06",
    "relatedScheduleId": "382",
    "messageType": "schedule_request"
  },
  "error": "올바른 팀 ID가 필요합니다"
}
2025-09-30 21:40:02.545 [ERROR]: 일정 변경 요청 생성 오류: {
  "error": "올바른 팀 ID가 필요합니다",
  "userId": "103",
  "body": {
    "teamId": "52",
    "scheduleId": "382",
    "content": "10.8~10.10 로 일정 변경을 요청합니다.",
    "targetDate": "2025-10-06"
  }
}
2025-09-30 21:40:52.077 [ERROR]: 처리되지 않은 예외: listen EADDRINUSE: address already in use ::1:3000 {
  "code": "EADDRINUSE",
  "errno": -4091,
  "syscall": "listen",
  "address": "::1",
  "port": 3000
}
Error: listen EADDRINUSE: address already in use ::1:3000
    at Server.setupListenHandle [as _listen2] (node:net:1940:16)
    at listenInCluster (node:net:1997:12)
    at GetAddrInfoReqWrap.callback (node:net:2206:7)
    at GetAddrInfoReqWrap.onlookupall [as oncomplete] (node:dns:134:8)
2025-09-30 21:47:31.010 [ERROR]: 처리되지 않은 예외: listen EADDRINUSE: address already in use ::1:3000 {
  "code": "EADDRINUSE",
  "errno": -4091,
  "syscall": "listen",
  "address": "::1",
  "port": 3000
}
Error: listen EADDRINUSE: address already in use ::1:3000
    at Server.setupListenHandle [as _listen2] (node:net:1940:16)
    at listenInCluster (node:net:1997:12)
    at GetAddrInfoReqWrap.callback (node:net:2206:7)
    at GetAddrInfoReqWrap.onlookupall [as oncomplete] (node:dns:134:8)
2025-09-30 21:48:08.849 [ERROR]: 일정 변경 요청 목록 조회 오류: {
  "error": "db is not defined",
  "teamId": 52,
  "userId": "102"
}
2025-09-30 21:48:08.898 [ERROR]: 일정 변경 요청 목록 조회 오류: {
  "error": "db is not defined",
  "teamId": 52,
  "userId": "103"
}
2025-09-30 21:48:38.845 [ERROR]: 일정 변경 요청 목록 조회 오류: {
  "error": "db is not defined",
  "teamId": 52,
  "userId": "102"
}
2025-09-30 21:48:39.058 [ERROR]: 일정 변경 요청 목록 조회 오류: {
  "error": "db is not defined",
  "teamId": 52,
  "userId": "103"
}
2025-09-30 21:49:08.863 [ERROR]: 일정 변경 요청 목록 조회 오류: {
  "error": "db is not defined",
  "teamId": 52,
  "userId": "102"
}
2025-09-30 21:49:09.285 [ERROR]: 일정 변경 요청 목록 조회 오류: {
  "error": "db is not defined",
  "teamId": 52,
  "userId": "103"
}
2025-09-30 21:49:38.858 [ERROR]: 일정 변경 요청 목록 조회 오류: {
  "error": "db is not defined",
  "teamId": 52,
  "userId": "102"
}
2025-09-30 21:49:39.443 [ERROR]: 일정 변경 요청 목록 조회 오류: {
  "error": "db is not defined",
  "teamId": 52,
  "userId": "103"
}
2025-09-30 21:50:08.859 [ERROR]: 일정 변경 요청 목록 조회 오류: {
  "error": "db is not defined",
  "teamId": 52,
  "userId": "102"
}
2025-09-30 21:50:09.692 [ERROR]: 일정 변경 요청 목록 조회 오류: {
  "error": "db is not defined",
  "teamId": 52,
  "userId": "103"
}
2025-09-30 21:50:27.827 [ERROR]: 일정 변경 요청 목록 조회 오류: {
  "error": "db is not defined",
  "teamId": 52,
  "userId": "102"
}
2025-09-30 21:50:27.919 [ERROR]: 일정 변경 요청 목록 조회 오류: {
  "error": "db is not defined",
  "teamId": 52,
  "userId": "102"
}
2025-09-30 21:50:39.830 [ERROR]: 일정 변경 요청 목록 조회 오류: {
  "error": "db is not defined",
  "teamId": 52,
  "userId": "103"
}
2025-09-30 21:50:57.897 [ERROR]: 일정 변경 요청 목록 조회 오류: {
  "error": "db is not defined",
  "teamId": 52,
  "userId": "102"
}
2025-09-30 21:51:09.778 [ERROR]: 일정 변경 요청 목록 조회 오류: {
  "error": "db is not defined",
  "teamId": 52,
  "userId": "103"
}
2025-09-30 21:51:27.887 [ERROR]: 쿼리 실행 오류: {
  "error": "s.start_time 칼럼 없음",
  "query": "\n        SELECT\n          m.*,\n          u.name as sender_name,\n          u.email as sender_email,\n ...",
  "params": [
    52
  ]
}
2025-09-30 21:51:27.887 [ERROR]: 일정 변경 요청 목록 조회 오류: {
  "error": "s.start_time 칼럼 없음",
  "teamId": 52,
  "userId": "102"
}
2025-09-30 21:51:35.570 [ERROR]: 쿼리 실행 오류: {
  "error": "s.start_time 칼럼 없음",
  "query": "\n        SELECT\n          m.*,\n          u.name as sender_name,\n          u.email as sender_email,\n ...",
  "params": [
    52
  ]
}
2025-09-30 21:51:35.571 [ERROR]: 일정 변경 요청 목록 조회 오류: {
  "error": "s.start_time 칼럼 없음",
  "teamId": 52,
  "userId": "102"
}
2025-09-30 21:51:35.672 [ERROR]: 쿼리 실행 오류: {
  "error": "s.start_time 칼럼 없음",
  "query": "\n        SELECT\n          m.*,\n          u.name as sender_name,\n          u.email as sender_email,\n ...",
  "params": [
    52
  ]
}
2025-09-30 21:51:35.672 [ERROR]: 일정 변경 요청 목록 조회 오류: {
  "error": "s.start_time 칼럼 없음",
  "teamId": 52,
  "userId": "102"
}
2025-09-30 21:51:39.799 [ERROR]: 쿼리 실행 오류: {
  "error": "s.start_time 칼럼 없음",
  "query": "\n        SELECT\n          m.*,\n          u.name as sender_name,\n          u.email as sender_email,\n ...",
  "params": [
    52
  ]
}
2025-09-30 21:51:39.799 [ERROR]: 일정 변경 요청 목록 조회 오류: {
  "error": "s.start_time 칼럼 없음",
  "teamId": 52,
  "userId": "103"
}
2025-09-30 21:52:05.667 [ERROR]: 쿼리 실행 오류: {
  "error": "s.start_time 칼럼 없음",
  "query": "\n        SELECT\n          m.*,\n          u.name as sender_name,\n          u.email as sender_email,\n ...",
  "params": [
    52
  ]
}
2025-09-30 21:52:05.667 [ERROR]: 일정 변경 요청 목록 조회 오류: {
  "error": "s.start_time 칼럼 없음",
  "teamId": 52,
  "userId": "102"
}
2025-09-30 21:52:10.027 [ERROR]: 쿼리 실행 오류: {
  "error": "s.start_time 칼럼 없음",
  "query": "\n        SELECT\n          m.*,\n          u.name as sender_name,\n          u.email as sender_email,\n ...",
  "params": [
    52
  ]
}
2025-09-30 21:52:10.027 [ERROR]: 일정 변경 요청 목록 조회 오류: {
  "error": "s.start_time 칼럼 없음",
  "teamId": 52,
  "userId": "103"
}
2025-09-30 21:53:35.676 [ERROR]: Message.sendMessage 오류: {
  "messageData": {
    "teamId": "52",
    "senderId": "102",
    "content": "\"10.8~10.10 로 일정 변경을 요청합니다.\" 요청이 승인되었습니다.",
    "targetDate": "2025-10-05T15:00:00.000Z",
    "relatedScheduleId": "382",
    "messageType": "schedule_approved"
  },
  "error": "올바르지 않은 메시지 유형입니다"
}
2025-09-30 21:53:35.677 [ERROR]: 일정 변경 요청 승인 오류: {
  "error": "올바르지 않은 메시지 유형입니다",
  "messageId": 5645,
  "userId": "102"
}
2025-09-30 22:00:02.195 [ERROR]: 쿼리 실행 오류: {
  "error": "\"updated_at\" 칼럼은 \"messages\" 릴레이션(relation)에 없음",
  "query": "\n        UPDATE messages\n        SET message_type = $2, updated_at = CURRENT_TIMESTAMP\n        WHERE...",
  "params": [
    5645,
    "schedule_rejected"
  ]
}
2025-09-30 22:00:02.195 [ERROR]: messages.update 오류: {
  "id": 5645,
  "data": {
    "message_type": "schedule_rejected"
  },
  "error": "\"updated_at\" 칼럼은 \"messages\" 릴레이션(relation)에 없음"
}
2025-09-30 22:00:02.195 [ERROR]: 일정 변경 요청 거절 오류: {
  "error": "\"updated_at\" 칼럼은 \"messages\" 릴레이션(relation)에 없음",
  "messageId": 5645,
  "userId": "102"
}
2025-09-30 22:00:06.096 [ERROR]: 쿼리 실행 오류: {
  "error": "\"updated_at\" 칼럼은 \"messages\" 릴레이션(relation)에 없음",
  "query": "\n        UPDATE messages\n        SET message_type = $2, updated_at = CURRENT_TIMESTAMP\n        WHERE...",
  "params": [
    5645,
    "schedule_approved"
  ]
}
2025-09-30 22:00:06.096 [ERROR]: messages.update 오류: {
  "id": 5645,
  "data": {
    "message_type": "schedule_approved"
  },
  "error": "\"updated_at\" 칼럼은 \"messages\" 릴레이션(relation)에 없음"
}
2025-09-30 22:00:06.096 [ERROR]: 일정 변경 요청 승인 오류: {
  "error": "\"updated_at\" 칼럼은 \"messages\" 릴레이션(relation)에 없음",
  "messageId": 5645,
  "userId": "102"
}
2025-09-30 22:22:45.798 [ERROR]: 처리되지 않은 예외: listen EADDRINUSE: address already in use ::1:3000 {
  "code": "EADDRINUSE",
  "errno": -4091,
  "syscall": "listen",
  "address": "::1",
  "port": 3000
}
Error: listen EADDRINUSE: address already in use ::1:3000
    at Server.setupListenHandle [as _listen2] (node:net:1940:16)
    at listenInCluster (node:net:1997:12)
    at GetAddrInfoReqWrap.callback (node:net:2206:7)
    at GetAddrInfoReqWrap.onlookupall [as oncomplete] (node:dns:134:8)
2025-09-30 22:26:05.564 [ERROR]: 일정 변경 요청 승인 오류: {
  "error": "Schedule is not defined",
  "messageId": 5655,
  "userId": "102"
}
2025-09-30 22:27:16.334 [ERROR]: Message.sendMessage 오류: {
  "messageData": {
    "teamId": "52",
    "senderId": "102",
    "content": "\"10.19~21로 변경 요청\" 요청이 승인되었습니다.",
    "relatedScheduleId": "382",
    "messageType": "schedule_approved"
  },
  "error": "대상 날짜는 필수입니다"
}
2025-09-30 22:27:16.334 [ERROR]: 일정 변경 요청 승인 오류: {
  "error": "대상 날짜는 필수입니다",
  "messageId": 5655,
  "userId": "102"
}
2025-10-01 08:28:48.419 [ERROR]: 처리되지 않은 예외: EPIPE: broken pipe, write {
  "errno": -4047,
  "syscall": "write",
  "code": "EPIPE"
}
Error: EPIPE: broken pipe, write
    at Socket._write (node:internal/net:75:18)
    at writeOrBuffer (node:internal/streams/writable:570:12)
    at _write (node:internal/streams/writable:499:10)
    at Writable.write (node:internal/streams/writable:508:10)
    at Console.log (D:\dev\workspace_test\team-caltalk\backend\node_modules\winston\lib\winston\transports\console.js:87:23)
    at Console._write (D:\dev\workspace_test\team-caltalk\backend\node_modules\winston-transport\modern.js:103:17)
    at doWrite (D:\dev\workspace_test\team-caltalk\backend\node_modules\readable-stream\lib\_stream_writable.js:390:139)
    at writeOrBuffer (D:\dev\workspace_test\team-caltalk\backend\node_modules\readable-stream\lib\_stream_writable.js:381:5)
    at Writable.write (D:\dev\workspace_test\team-caltalk\backend\node_modules\readable-stream\lib\_stream_writable.js:302:11)
    at DerivedLogger.ondata (D:\dev\workspace_test\team-caltalk\backend\node_modules\readable-stream\lib\_stream_readable.js:629:20)
